<?xml version="1.0" encoding="UTF-8"?>
<testsuite name="org.joda.time.TestAllPackages" time="6.732" tests="4221" errors="0" skipped="0" failures="0">
  <properties>
[...]
</properties>
  <testcase name="testTest" classname="org.joda.time.TestChronology" time="0.022"/>
  <testcase name="testEqualsHashCode_ISO" classname="org.joda.time.TestChronology" time="0"/>
  <testcase name="testEqualsHashCode_Lenient" classname="org.joda.time.TestChronology" time="0.001"/>
  <testcase name="testEqualsHashCode_Strict" classname="org.joda.time.TestChronology" time="0"/>
  <testcase name="testEqualsHashCode_Limit" classname="org.joda.time.TestChronology" time="0"/>
  <testcase name="testEqualsHashCode_Zoned" classname="org.joda.time.TestChronology" time="0"/>
  <testcase name="testToString" classname="org.joda.time.TestChronology" time="0.003"/>
  <testcase name="test_era" classname="org.joda.time.TestDateTimeFieldType" time="0.072"/>
  <testcase name="test_centuryOfEra" classname="org.joda.time.TestDateTimeFieldType" time="0"/>
  <testcase name="test_yearOfCentury" classname="org.joda.time.TestDateTimeFieldType" time="0"/>
  <testcase name="test_yearOfEra" classname="org.joda.time.TestDateTimeFieldType" time="0.001"/>
  <testcase name="test_year" classname="org.joda.time.TestDateTimeFieldType" time="0"/>
  <testcase name="test_monthOfYear" classname="org.joda.time.TestDateTimeFieldType" time="0.001"/>
  <testcase name="test_weekyearOfCentury" classname="org.joda.time.TestDateTimeFieldType" time="0"/>
  <testcase name="test_weekyear" classname="org.joda.time.TestDateTimeFieldType" time="0.001"/>
  <testcase name="test_weekOfWeekyear" classname="org.joda.time.TestDateTimeFieldType" time="0"/>
  <testcase name="test_dayOfYear" classname="org.joda.time.TestDateTimeFieldType" time="0"/>
  <testcase name="test_dayOfMonth" classname="org.joda.time.TestDateTimeFieldType" time="0.001"/>
  <testcase name="test_dayOfWeek" classname="org.joda.time.TestDateTimeFieldType" time="0"/>
  <testcase name="test_halfdayOfDay" classname="org.joda.time.TestDateTimeFieldType" time="0.006"/>
  <testcase name="test_clockhourOfDay" classname="org.joda.time.TestDateTimeFieldType" time="0.001"/>
  <testcase name="test_clockhourOfHalfday" classname="org.joda.time.TestDateTimeFieldType" time="0"/>
  <testcase name="test_hourOfHalfday" classname="org.joda.time.TestDateTimeFieldType" time="0.001"/>
  <testcase name="test_hourOfDay" classname="org.joda.time.TestDateTimeFieldType" time="0.001"/>
  <testcase name="test_minuteOfDay" classname="org.joda.time.TestDateTimeFieldType" time="0.001"/>
  <testcase name="test_minuteOfHour" classname="org.joda.time.TestDateTimeFieldType" time="0.003"/>
  <testcase name="test_secondOfDay" classname="org.joda.time.TestDateTimeFieldType" time="0.001"/>
  <testcase name="test_secondOfMinute" classname="org.joda.time.TestDateTimeFieldType" time="0.001"/>
  <testcase name="test_millisOfDay" classname="org.joda.time.TestDateTimeFieldType" time="0"/>
  <testcase name="test_millisOfSecond" classname="org.joda.time.TestDateTimeFieldType" time="0"/>
  <testcase name="test_other" classname="org.joda.time.TestDateTimeFieldType" time="0.001"/>
  <testcase name="test_millis" classname="org.joda.time.TestDurationFieldType" time="0.003"/>
  <testcase name="test_eras" classname="org.joda.time.TestDurationFieldType" time="0"/>
  <testcase name="test_centuries" classname="org.joda.time.TestDurationFieldType" time="0"/>
  <testcase name="test_years" classname="org.joda.time.TestDurationFieldType" time="0"/>
  <testcase name="test_months" classname="org.joda.time.TestDurationFieldType" time="0.002"/>
  <testcase name="test_weekyears" classname="org.joda.time.TestDurationFieldType" time="0"/>
  <testcase name="test_weeks" classname="org.joda.time.TestDurationFieldType" time="0.002"/>
  <testcase name="test_days" classname="org.joda.time.TestDurationFieldType" time="0.002"/>
  <testcase name="test_halfdays" classname="org.joda.time.TestDurationFieldType" time="0.001"/>
  <testcase name="test_minutes" classname="org.joda.time.TestDurationFieldType" time="0"/>
  <testcase name="test_seconds" classname="org.joda.time.TestDurationFieldType" time="0"/>
  <testcase name="test_other" classname="org.joda.time.TestDurationFieldType" time="0.003"/>
  <testcase name="test_hours" classname="org.joda.time.TestDurationFieldType" time="0"/>
  <testcase name="testConstructor" classname="org.joda.time.TestInstant_Constructors" time="0"/>
  <testcase name="test_now" classname="org.joda.time.TestInstant_Constructors" time="0"/>
  <testcase name="test_ofEpochMilli" classname="org.joda.time.TestInstant_Constructors" time="0"/>
  <testcase name="test_ofEpochSecond" classname="org.joda.time.TestInstant_Constructors" time="0"/>
  <testcase name="test_ofEpochSecond_zero" classname="org.joda.time.TestInstant_Constructors" time="0"/>
  <testcase name="test_ofEpochSecond_overflow" classname="org.joda.time.TestInstant_Constructors" time="0.01"/>
  <testcase name="test_ofEpochSecond_underflow" classname="org.joda.time.TestInstant_Constructors" time="0"/>
  <testcase name="testParse_noFormatter" classname="org.joda.time.TestInstant_Constructors" time="0.008"/>
  <testcase name="testParse_formatter" classname="org.joda.time.TestInstant_Constructors" time="0.005"/>
  <testcase name="testConstructor_long1" classname="org.joda.time.TestInstant_Constructors" time="0"/>
  <testcase name="testConstructor_long2" classname="org.joda.time.TestInstant_Constructors" time="0"/>
  <testcase name="testConstructor_Object" classname="org.joda.time.TestInstant_Constructors" time="0.011"/>
  <testcase name="testConstructor_invalidObject" classname="org.joda.time.TestInstant_Constructors" time="0"/>
  <testcase name="testConstructor_nullObject" classname="org.joda.time.TestInstant_Constructors" time="0"/>
  <testcase name="testConstructor_badconverterObject" classname="org.joda.time.TestInstant_Constructors" time="0.005"/>
  <testcase name="testTest" classname="org.joda.time.TestInstant_Basics" time="0.001"/>
  <testcase name="testToString" classname="org.joda.time.TestInstant_Basics" time="0.001"/>
  <testcase name="testGet_DateTimeFieldType" classname="org.joda.time.TestInstant_Basics" time="0"/>
  <testcase name="testGet_DateTimeField" classname="org.joda.time.TestInstant_Basics" time="0.004"/>
  <testcase name="testGetMethods" classname="org.joda.time.TestInstant_Basics" time="0.001"/>
  <testcase name="testEqualsHashCode" classname="org.joda.time.TestInstant_Basics" time="0.001"/>
  <testcase name="testCompareTo" classname="org.joda.time.TestInstant_Basics" time="0.001"/>
  <testcase name="testIsEqual_long" classname="org.joda.time.TestInstant_Basics" time="0"/>
  <testcase name="testIsEqualNow" classname="org.joda.time.TestInstant_Basics" time="0"/>
  <testcase name="testIsEqual_RI" classname="org.joda.time.TestInstant_Basics" time="0.001"/>
  <testcase name="testIsBefore_long" classname="org.joda.time.TestInstant_Basics" time="0"/>
  <testcase name="testIsBeforeNow" classname="org.joda.time.TestInstant_Basics" time="0"/>
  <testcase name="testIsBefore_RI" classname="org.joda.time.TestInstant_Basics" time="0.001"/>
  <testcase name="testIsAfter_long" classname="org.joda.time.TestInstant_Basics" time="0"/>
  <testcase name="testIsAfterNow" classname="org.joda.time.TestInstant_Basics" time="0"/>
  <testcase name="testIsAfter_RI" classname="org.joda.time.TestInstant_Basics" time="0"/>
  <testcase name="testSerialization" classname="org.joda.time.TestInstant_Basics" time="0.001"/>
  <testcase name="testToInstant" classname="org.joda.time.TestInstant_Basics" time="0"/>
  <testcase name="testToDateTime" classname="org.joda.time.TestInstant_Basics" time="0"/>
  <testcase name="testToDateTimeISO" classname="org.joda.time.TestInstant_Basics" time="0"/>
  <testcase name="testToDateTime_DateTimeZone" classname="org.joda.time.TestInstant_Basics" time="0"/>
  <testcase name="testToDateTime_Chronology" classname="org.joda.time.TestInstant_Basics" time="0"/>
  <testcase name="testToMutableDateTime" classname="org.joda.time.TestInstant_Basics" time="0.003"/>
  <testcase name="testToMutableDateTimeISO" classname="org.joda.time.TestInstant_Basics" time="0"/>
  <testcase name="testToMutableDateTime_DateTimeZone" classname="org.joda.time.TestInstant_Basics" time="0.001"/>
  <testcase name="testToMutableDateTime_Chronology" classname="org.joda.time.TestInstant_Basics" time="0"/>
  <testcase name="testToDate" classname="org.joda.time.TestInstant_Basics" time="0.001"/>
  <testcase name="testWithMillis_long" classname="org.joda.time.TestInstant_Basics" time="0"/>
  <testcase name="testWithDurationAdded_long_int" classname="org.joda.time.TestInstant_Basics" time="0"/>
  <testcase name="testWithDurationAdded_RD_int" classname="org.joda.time.TestInstant_Basics" time="0.002"/>
  <testcase name="testPlus_long" classname="org.joda.time.TestInstant_Basics" time="0"/>
  <testcase name="testPlus_RD" classname="org.joda.time.TestInstant_Basics" time="0"/>
  <testcase name="testMinus_long" classname="org.joda.time.TestInstant_Basics" time="0.001"/>
  <testcase name="testMinus_RD" classname="org.joda.time.TestInstant_Basics" time="0"/>
  <testcase name="testImmutable" classname="org.joda.time.TestInstant_Basics" time="0"/>
  <testcase name="testConstructor" classname="org.joda.time.TestDateTime_Constructors" time="0"/>
  <testcase name="testTest" classname="org.joda.time.TestDateTime_Constructors" time="0.001"/>
  <testcase name="test_now" classname="org.joda.time.TestDateTime_Constructors" time="0"/>
  <testcase name="testConstructor_long_nullChronology" classname="org.joda.time.TestDateTime_Constructors" time="0"/>
  <testcase name="testConstructor_ObjectString1" classname="org.joda.time.TestDateTime_Constructors" time="0.001"/>
  <testcase name="testConstructor_ObjectString2" classname="org.joda.time.TestDateTime_Constructors" time="0.002"/>
  <testcase name="testConstructor_ObjectString3" classname="org.joda.time.TestDateTime_Constructors" time="0.001"/>
  <testcase name="testConstructor_ObjectString4" classname="org.joda.time.TestDateTime_Constructors" time="0"/>
  <testcase name="testConstructor_ObjectString5" classname="org.joda.time.TestDateTime_Constructors" time="0.001"/>
  <testcase name="testConstructor_ObjectString6" classname="org.joda.time.TestDateTime_Constructors" time="0"/>
  <testcase name="testConstructor_ObjectString7" classname="org.joda.time.TestDateTime_Constructors" time="0"/>
  <testcase name="testConstructor_ObjectStringEx1" classname="org.joda.time.TestDateTime_Constructors" time="0"/>
  <testcase name="testConstructor_ObjectStringEx2" classname="org.joda.time.TestDateTime_Constructors" time="0"/>
  <testcase name="testConstructor_Object_DateTimeZone" classname="org.joda.time.TestDateTime_Constructors" time="0.001"/>
  <testcase name="testConstructor_invalidObject_DateTimeZone" classname="org.joda.time.TestDateTime_Constructors" time="0"/>
  <testcase name="testConstructor_nullObject_DateTimeZone" classname="org.joda.time.TestDateTime_Constructors" time="0"/>
  <testcase name="testConstructor_Object_nullDateTimeZone" classname="org.joda.time.TestDateTime_Constructors" time="0"/>
  <testcase name="testConstructor_nullObject_nullDateTimeZone" classname="org.joda.time.TestDateTime_Constructors" time="0"/>
  <testcase name="testConstructor_badconverterObject_DateTimeZone" classname="org.joda.time.TestDateTime_Constructors" time="0"/>
  <testcase name="testConstructor_Object_Chronology" classname="org.joda.time.TestDateTime_Constructors" time="0"/>
  <testcase name="testConstructor_invalidObject_Chronology" classname="org.joda.time.TestDateTime_Constructors" time="0.001"/>
  <testcase name="testConstructor_nullObject_Chronology" classname="org.joda.time.TestDateTime_Constructors" time="0"/>
  <testcase name="testConstructor_Object_nullChronology" classname="org.joda.time.TestDateTime_Constructors" time="0"/>
  <testcase name="testConstructor_nullObject_nullChronology" classname="org.joda.time.TestDateTime_Constructors" time="0"/>
  <testcase name="testConstructor_badconverterObject_Chronology" classname="org.joda.time.TestDateTime_Constructors" time="0"/>
  <testcase name="testConstructor_int_int_int_int_int" classname="org.joda.time.TestDateTime_Constructors" time="0.001"/>
  <testcase name="testConstructor_int_int_int_int_int_DateTimeZone" classname="org.joda.time.TestDateTime_Constructors" time="0.002"/>
  <testcase name="testConstructor_int_int_int_int_int_nullDateTimeZone" classname="org.joda.time.TestDateTime_Constructors" time="0.001"/>
  <testcase name="testConstructor_int_int_int_int_int_Chronology" classname="org.joda.time.TestDateTime_Constructors" time="0.001"/>
  <testcase name="testConstructor_int_int_int_int_int_nullChronology" classname="org.joda.time.TestDateTime_Constructors" time="0.001"/>
  <testcase name="testConstructor_int_int_int_int_int_int" classname="org.joda.time.TestDateTime_Constructors" time="0"/>
  <testcase name="testConstructor_int_int_int_int_int_int_DateTimeZone" classname="org.joda.time.TestDateTime_Constructors" time="0"/>
  <testcase name="testConstructor_int_int_int_int_int_int_nullDateTimeZone" classname="org.joda.time.TestDateTime_Constructors" time="0"/>
  <testcase name="testConstructor_int_int_int_int_int_int_Chronology" classname="org.joda.time.TestDateTime_Constructors" time="0.005"/>
  <testcase name="testConstructor_int_int_int_int_int_int_nullChronology" classname="org.joda.time.TestDateTime_Constructors" time="0.001"/>
  <testcase name="testConstructor_int_int_int_int_int_int_int" classname="org.joda.time.TestDateTime_Constructors" time="0.002"/>
  <testcase name="testConstructor_int_int_int_int_int_int_int_DateTimeZone" classname="org.joda.time.TestDateTime_Constructors" time="0.002"/>
  <testcase name="testConstructor_int_int_int_int_int_int_int_nullDateTimeZone" classname="org.joda.time.TestDateTime_Constructors" time="0.001"/>
  <testcase name="testConstructor_int_int_int_int_int_int_int_Chronology" classname="org.joda.time.TestDateTime_Constructors" time="0.002"/>
  <testcase name="testConstructor_int_int_int_int_int_int_int_nullChronology" classname="org.joda.time.TestDateTime_Constructors" time="0"/>
  <testcase name="test_now_DateTimeZone" classname="org.joda.time.TestDateTime_Constructors" time="0"/>
  <testcase name="test_now_nullDateTimeZone" classname="org.joda.time.TestDateTime_Constructors" time="0"/>
  <testcase name="test_now_Chronology" classname="org.joda.time.TestDateTime_Constructors" time="0"/>
  <testcase name="test_now_nullChronology" classname="org.joda.time.TestDateTime_Constructors" time="0"/>
  <testcase name="testParse_noFormatter_vs_constructor_noOffset" classname="org.joda.time.TestDateTime_Constructors" time="0.001"/>
  <testcase name="testParse_noFormatter_vs_constructor_correctOffset" classname="org.joda.time.TestDateTime_Constructors" time="0.001"/>
  <testcase name="testConstructor_DateTimeZone" classname="org.joda.time.TestDateTime_Constructors" time="0"/>
  <testcase name="testConstructor_nullDateTimeZone" classname="org.joda.time.TestDateTime_Constructors" time="0"/>
  <testcase name="testConstructor_Chronology" classname="org.joda.time.TestDateTime_Constructors" time="0"/>
  <testcase name="testConstructor_nullChronology" classname="org.joda.time.TestDateTime_Constructors" time="0"/>
  <testcase name="testConstructor_long1_DateTimeZone" classname="org.joda.time.TestDateTime_Constructors" time="0.001"/>
  <testcase name="testConstructor_long2_DateTimeZone" classname="org.joda.time.TestDateTime_Constructors" time="0"/>
  <testcase name="testConstructor_long_nullDateTimeZone" classname="org.joda.time.TestDateTime_Constructors" time="0"/>
  <testcase name="testConstructor_long1_Chronology" classname="org.joda.time.TestDateTime_Constructors" time="0"/>
  <testcase name="testConstructor_long2_Chronology" classname="org.joda.time.TestDateTime_Constructors" time="0.001"/>
  <testcase name="testParse_noFormatter" classname="org.joda.time.TestDateTime_Constructors" time="0"/>
  <testcase name="testParse_formatter" classname="org.joda.time.TestDateTime_Constructors" time="0"/>
  <testcase name="testConstructor_long1" classname="org.joda.time.TestDateTime_Constructors" time="0"/>
  <testcase name="testConstructor_long2" classname="org.joda.time.TestDateTime_Constructors" time="0"/>
  <testcase name="testConstructor_Object" classname="org.joda.time.TestDateTime_Constructors" time="0.001"/>
  <testcase name="testConstructor_invalidObject" classname="org.joda.time.TestDateTime_Constructors" time="0"/>
  <testcase name="testConstructor_nullObject" classname="org.joda.time.TestDateTime_Constructors" time="0.001"/>
  <testcase name="testConstructor_badconverterObject" classname="org.joda.time.TestDateTime_Constructors" time="0"/>
  <testcase name="testTest" classname="org.joda.time.TestDateTime_Basics" time="0.002"/>
  <testcase name="testToString" classname="org.joda.time.TestDateTime_Basics" time="0.001"/>
  <testcase name="testMinusMonths_intMax" classname="org.joda.time.TestDateTime_Basics" time="0"/>
  <testcase name="testMinusMonths_intMin" classname="org.joda.time.TestDateTime_Basics" time="0"/>
  <testcase name="testMinusWeeks_int" classname="org.joda.time.TestDateTime_Basics" time="0"/>
  <testcase name="testMinusDays_int" classname="org.joda.time.TestDateTime_Basics" time="0.001"/>
  <testcase name="testMinusHours_int" classname="org.joda.time.TestDateTime_Basics" time="0.001"/>
  <testcase name="testMinusMinutes_int" classname="org.joda.time.TestDateTime_Basics" time="0"/>
  <testcase name="testMinusSeconds_int" classname="org.joda.time.TestDateTime_Basics" time="0"/>
  <testcase name="testMinusMillis_int" classname="org.joda.time.TestDateTime_Basics" time="0"/>
  <testcase name="testGet_DateTimeFieldType" classname="org.joda.time.TestDateTime_Basics" time="0.001"/>
  <testcase name="testGet_DateTimeField" classname="org.joda.time.TestDateTime_Basics" time="0"/>
  <testcase name="testEqualsHashCode" classname="org.joda.time.TestDateTime_Basics" time="0"/>
  <testcase name="testCompareTo" classname="org.joda.time.TestDateTime_Basics" time="0"/>
  <testcase name="testIsEqual_long" classname="org.joda.time.TestDateTime_Basics" time="0"/>
  <testcase name="testIsEqualNow" classname="org.joda.time.TestDateTime_Basics" time="0"/>
  <testcase name="testIsEqual_RI" classname="org.joda.time.TestDateTime_Basics" time="0"/>
  <testcase name="testIsBefore_long" classname="org.joda.time.TestDateTime_Basics" time="0"/>
  <testcase name="testIsBeforeNow" classname="org.joda.time.TestDateTime_Basics" time="0"/>
  <testcase name="testIsBefore_RI" classname="org.joda.time.TestDateTime_Basics" time="0"/>
  <testcase name="testIsAfter_long" classname="org.joda.time.TestDateTime_Basics" time="0"/>
  <testcase name="testIsAfterNow" classname="org.joda.time.TestDateTime_Basics" time="0"/>
  <testcase name="testIsAfter_RI" classname="org.joda.time.TestDateTime_Basics" time="0"/>
  <testcase name="testSerialization" classname="org.joda.time.TestDateTime_Basics" time="0.008"/>
  <testcase name="testToInstant" classname="org.joda.time.TestDateTime_Basics" time="0"/>
  <testcase name="testToDateTime" classname="org.joda.time.TestDateTime_Basics" time="0"/>
  <testcase name="testToDateTimeISO" classname="org.joda.time.TestDateTime_Basics" time="0"/>
  <testcase name="testToDateTime_DateTimeZone" classname="org.joda.time.TestDateTime_Basics" time="0"/>
  <testcase name="testToDateTime_Chronology" classname="org.joda.time.TestDateTime_Basics" time="0.001"/>
  <testcase name="testToMutableDateTime" classname="org.joda.time.TestDateTime_Basics" time="0"/>
  <testcase name="testToMutableDateTimeISO" classname="org.joda.time.TestDateTime_Basics" time="0"/>
  <testcase name="testToMutableDateTime_DateTimeZone" classname="org.joda.time.TestDateTime_Basics" time="0"/>
  <testcase name="testToMutableDateTime_Chronology" classname="org.joda.time.TestDateTime_Basics" time="0"/>
  <testcase name="testToDate" classname="org.joda.time.TestDateTime_Basics" time="0"/>
  <testcase name="testWithMillis_long" classname="org.joda.time.TestDateTime_Basics" time="0.002"/>
  <testcase name="testWithDurationAdded_long_int" classname="org.joda.time.TestDateTime_Basics" time="0"/>
  <testcase name="testWithDurationAdded_RD_int" classname="org.joda.time.TestDateTime_Basics" time="0"/>
  <testcase name="testPlus_long" classname="org.joda.time.TestDateTime_Basics" time="0"/>
  <testcase name="testPlus_RD" classname="org.joda.time.TestDateTime_Basics" time="0.004"/>
  <testcase name="testMinus_long" classname="org.joda.time.TestDateTime_Basics" time="0"/>
  <testcase name="testMinus_RD" classname="org.joda.time.TestDateTime_Basics" time="0"/>
  <testcase name="testIsSupported_DateTimeFieldType" classname="org.joda.time.TestDateTime_Basics" time="0"/>
  <testcase name="testGetters" classname="org.joda.time.TestDateTime_Basics" time="0"/>
  <testcase name="testWithers" classname="org.joda.time.TestDateTime_Basics" time="0"/>
  <testcase name="testToString_String" classname="org.joda.time.TestDateTime_Basics" time="0"/>
  <testcase name="testToString_String_Locale" classname="org.joda.time.TestDateTime_Basics" time="0.006"/>
  <testcase name="testToString_DTFormatter" classname="org.joda.time.TestDateTime_Basics" time="0.002"/>
  <testcase name="testToCalendar_Locale" classname="org.joda.time.TestDateTime_Basics" time="0.005"/>
  <testcase name="testToGregorianCalendar" classname="org.joda.time.TestDateTime_Basics" time="0.001"/>
  <testcase name="testToDateMidnight" classname="org.joda.time.TestDateTime_Basics" time="0"/>
  <testcase name="testToYearMonthDay" classname="org.joda.time.TestDateTime_Basics" time="0.004"/>
  <testcase name="testToTimeOfDay" classname="org.joda.time.TestDateTime_Basics" time="0.002"/>
  <testcase name="testToLocalDateTime" classname="org.joda.time.TestDateTime_Basics" time="0.007"/>
  <testcase name="testToLocalDate" classname="org.joda.time.TestDateTime_Basics" time="0.001"/>
  <testcase name="testToLocalTime" classname="org.joda.time.TestDateTime_Basics" time="0.004"/>
  <testcase name="testWithChronology_Chronology" classname="org.joda.time.TestDateTime_Basics" time="0.001"/>
  <testcase name="testWithZone_DateTimeZone" classname="org.joda.time.TestDateTime_Basics" time="0"/>
  <testcase name="testWithZoneRetainFields_DateTimeZone" classname="org.joda.time.TestDateTime_Basics" time="0.001"/>
  <testcase name="testWithDate_int_int_int" classname="org.joda.time.TestDateTime_Basics" time="0"/>
  <testcase name="testWithDate_int_int_int_toDST1" classname="org.joda.time.TestDateTime_Basics" time="0.003"/>
  <testcase name="testWithDate_int_int_int_toDST2" classname="org.joda.time.TestDateTime_Basics" time="0"/>
  <testcase name="testWithDate_int_int_int_affectedByDST" classname="org.joda.time.TestDateTime_Basics" time="0.005"/>
  <testcase name="testWithDate_LocalDate" classname="org.joda.time.TestDateTime_Basics" time="0"/>
  <testcase name="testWithTime_int_int_int_int" classname="org.joda.time.TestDateTime_Basics" time="0"/>
  <testcase name="testWithTime_int_int_int_int_toDST" classname="org.joda.time.TestDateTime_Basics" time="0.004"/>
  <testcase name="testWithTime_LocalTime" classname="org.joda.time.TestDateTime_Basics" time="0"/>
  <testcase name="testWithFields_RPartial" classname="org.joda.time.TestDateTime_Basics" time="0.001"/>
  <testcase name="testWithField1" classname="org.joda.time.TestDateTime_Basics" time="0.001"/>
  <testcase name="testWithField2" classname="org.joda.time.TestDateTime_Basics" time="0"/>
  <testcase name="testWithFieldAdded1" classname="org.joda.time.TestDateTime_Basics" time="0.003"/>
  <testcase name="testWithFieldAdded2" classname="org.joda.time.TestDateTime_Basics" time="0.001"/>
  <testcase name="testWithFieldAdded3" classname="org.joda.time.TestDateTime_Basics" time="0.001"/>
  <testcase name="testWithFieldAdded4" classname="org.joda.time.TestDateTime_Basics" time="0.001"/>
  <testcase name="testWithDurationAdded_RP_int" classname="org.joda.time.TestDateTime_Basics" time="0.001"/>
  <testcase name="testPlus_RP" classname="org.joda.time.TestDateTime_Basics" time="0.001"/>
  <testcase name="testPlusYears_int" classname="org.joda.time.TestDateTime_Basics" time="0"/>
  <testcase name="testPlusMonths_int" classname="org.joda.time.TestDateTime_Basics" time="0.001"/>
  <testcase name="testPlusMonths_intMax" classname="org.joda.time.TestDateTime_Basics" time="0.001"/>
  <testcase name="testPlusMonths_intMin" classname="org.joda.time.TestDateTime_Basics" time="0.001"/>
  <testcase name="testPlusWeeks_int" classname="org.joda.time.TestDateTime_Basics" time="0"/>
  <testcase name="testPlusDays_int" classname="org.joda.time.TestDateTime_Basics" time="0"/>
  <testcase name="testPlusHours_int" classname="org.joda.time.TestDateTime_Basics" time="0"/>
  <testcase name="testPlusMinutes_int" classname="org.joda.time.TestDateTime_Basics" time="0"/>
  <testcase name="testPlusSeconds_int" classname="org.joda.time.TestDateTime_Basics" time="0"/>
  <testcase name="testPlusMillis_int" classname="org.joda.time.TestDateTime_Basics" time="0"/>
  <testcase name="testMinus_RP" classname="org.joda.time.TestDateTime_Basics" time="0.001"/>
  <testcase name="testMinusYears_int" classname="org.joda.time.TestDateTime_Basics" time="0"/>
  <testcase name="testMinusMonths_int" classname="org.joda.time.TestDateTime_Basics" time="0"/>
  <testcase name="testProperty" classname="org.joda.time.TestDateTime_Basics" time="0.001"/>
  <testcase name="testTest" classname="org.joda.time.TestDateTime_Properties" time="0"/>
  <testcase name="testPropertyLeapMonthOfYear" classname="org.joda.time.TestDateTime_Properties" time="0.001"/>
  <testcase name="testPropertyAddMonthOfYear" classname="org.joda.time.TestDateTime_Properties" time="0"/>
  <testcase name="testPropertyAddWrapFieldMonthOfYear" classname="org.joda.time.TestDateTime_Properties" time="0.001"/>
  <testcase name="testPropertySetMonthOfYear" classname="org.joda.time.TestDateTime_Properties" time="0.001"/>
  <testcase name="testPropertySetTextMonthOfYear" classname="org.joda.time.TestDateTime_Properties" time="0"/>
  <testcase name="testPropertyCompareToMonthOfYear" classname="org.joda.time.TestDateTime_Properties" time="0"/>
  <testcase name="testPropertyGetDayOfMonth" classname="org.joda.time.TestDateTime_Properties" time="0"/>
  <testcase name="testPropertyGetMaxMinValuesDayOfMonth" classname="org.joda.time.TestDateTime_Properties" time="0"/>
  <testcase name="testPropertyAddDayOfMonth" classname="org.joda.time.TestDateTime_Properties" time="0.001"/>
  <testcase name="testPropertyAddWrapFieldDayOfMonth" classname="org.joda.time.TestDateTime_Properties" time="0.001"/>
  <testcase name="testPropertySetDayOfMonth" classname="org.joda.time.TestDateTime_Properties" time="0"/>
  <testcase name="testPropertySetTextDayOfMonth" classname="org.joda.time.TestDateTime_Properties" time="0"/>
  <testcase name="testPropertyWithMaximumValueDayOfMonth" classname="org.joda.time.TestDateTime_Properties" time="0.001"/>
  <testcase name="testPropertyWithMaximumValueMillisOfDayDSTGap" classname="org.joda.time.TestDateTime_Properties" time="0.001"/>
  <testcase name="testPropertyWithMinimumValueDayOfMonth" classname="org.joda.time.TestDateTime_Properties" time="0.001"/>
  <testcase name="testPropertyWithMinimumValueMillisOfDayDSTGap" classname="org.joda.time.TestDateTime_Properties" time="0.001"/>
  <testcase name="testPropertyCompareToDayOfMonth" classname="org.joda.time.TestDateTime_Properties" time="0"/>
  <testcase name="testPropertyGetDayOfYear" classname="org.joda.time.TestDateTime_Properties" time="0"/>
  <testcase name="testPropertyGetMaxMinValuesDayOfYear" classname="org.joda.time.TestDateTime_Properties" time="0"/>
  <testcase name="testPropertyAddDayOfYear" classname="org.joda.time.TestDateTime_Properties" time="0.001"/>
  <testcase name="testPropertyAddWrapFieldDayOfYear" classname="org.joda.time.TestDateTime_Properties" time="0"/>
  <testcase name="testPropertySetDayOfYear" classname="org.joda.time.TestDateTime_Properties" time="0.001"/>
  <testcase name="testPropertySetTextDayOfYear" classname="org.joda.time.TestDateTime_Properties" time="0"/>
  <testcase name="testPropertyCompareToDayOfYear" classname="org.joda.time.TestDateTime_Properties" time="0"/>
  <testcase name="testPropertyGetWeekOfWeekyear" classname="org.joda.time.TestDateTime_Properties" time="0.001"/>
  <testcase name="testPropertyGetEra" classname="org.joda.time.TestDateTime_Properties" time="0"/>
  <testcase name="testPropertyGetMaxMinValuesWeekOfWeekyear" classname="org.joda.time.TestDateTime_Properties" time="0"/>
  <testcase name="testPropertyAddWeekOfWeekyear" classname="org.joda.time.TestDateTime_Properties" time="0"/>
  <testcase name="testPropertyAddWrapFieldWeekOfWeekyear" classname="org.joda.time.TestDateTime_Properties" time="0.001"/>
  <testcase name="testPropertySetWeekOfWeekyear" classname="org.joda.time.TestDateTime_Properties" time="0"/>
  <testcase name="testPropertySetTextWeekOfWeekyear" classname="org.joda.time.TestDateTime_Properties" time="0"/>
  <testcase name="testPropertyCompareToWeekOfWeekyear" classname="org.joda.time.TestDateTime_Properties" time="0"/>
  <testcase name="testPropertyGetDayOfWeek" classname="org.joda.time.TestDateTime_Properties" time="0.002"/>
  <testcase name="testPropertyAddDayOfWeek" classname="org.joda.time.TestDateTime_Properties" time="0"/>
  <testcase name="testPropertyAddLongDayOfWeek" classname="org.joda.time.TestDateTime_Properties" time="0"/>
  <testcase name="testPropertyAddWrapFieldDayOfWeek" classname="org.joda.time.TestDateTime_Properties" time="0.001"/>
  <testcase name="testPropertySetDayOfWeek" classname="org.joda.time.TestDateTime_Properties" time="0"/>
  <testcase name="testPropertySetTextDayOfWeek" classname="org.joda.time.TestDateTime_Properties" time="0.001"/>
  <testcase name="testPropertyCompareToDayOfWeek" classname="org.joda.time.TestDateTime_Properties" time="0.001"/>
  <testcase name="testPropertyGetHourOfDay" classname="org.joda.time.TestDateTime_Properties" time="0"/>
  <testcase name="testPropertyGetDifferenceHourOfDay" classname="org.joda.time.TestDateTime_Properties" time="0"/>
  <testcase name="testPropertyRoundFloorHourOfDay" classname="org.joda.time.TestDateTime_Properties" time="0.001"/>
  <testcase name="testPropertyRoundCeilingHourOfDay" classname="org.joda.time.TestDateTime_Properties" time="0"/>
  <testcase name="testPropertyRoundHalfFloorHourOfDay" classname="org.joda.time.TestDateTime_Properties" time="0"/>
  <testcase name="testPropertyRoundHalfCeilingHourOfDay" classname="org.joda.time.TestDateTime_Properties" time="0.001"/>
  <testcase name="testPropertyRoundHalfEvenHourOfDay" classname="org.joda.time.TestDateTime_Properties" time="0.001"/>
  <testcase name="testPropertyRemainderHourOfDay" classname="org.joda.time.TestDateTime_Properties" time="0"/>
  <testcase name="testPropertyGetMinuteOfHour" classname="org.joda.time.TestDateTime_Properties" time="0"/>
  <testcase name="testPropertyGetMinuteOfDay" classname="org.joda.time.TestDateTime_Properties" time="0"/>
  <testcase name="testPropertyGetSecondOfMinute" classname="org.joda.time.TestDateTime_Properties" time="0"/>
  <testcase name="testPropertyGetSecondOfDay" classname="org.joda.time.TestDateTime_Properties" time="0"/>
  <testcase name="testPropertyGetMillisOfSecond" classname="org.joda.time.TestDateTime_Properties" time="0"/>
  <testcase name="testPropertyGetMillisOfDay" classname="org.joda.time.TestDateTime_Properties" time="0"/>
  <testcase name="testPropertyToIntervalYearOfEra" classname="org.joda.time.TestDateTime_Properties" time="0.004"/>
  <testcase name="testPropertyToIntervalYearOfCentury" classname="org.joda.time.TestDateTime_Properties" time="0"/>
  <testcase name="testPropertyToIntervalYear" classname="org.joda.time.TestDateTime_Properties" time="0.002"/>
  <testcase name="testPropertyToIntervalMonthOfYear" classname="org.joda.time.TestDateTime_Properties" time="0"/>
  <testcase name="testPropertyToIntervalDayOfMonth" classname="org.joda.time.TestDateTime_Properties" time="0.001"/>
  <testcase name="testPropertyToIntervalHourOfDay" classname="org.joda.time.TestDateTime_Properties" time="0"/>
  <testcase name="testPropertyToIntervalMinuteOfHour" classname="org.joda.time.TestDateTime_Properties" time="0"/>
  <testcase name="testPropertyEqualsHashCodeYear" classname="org.joda.time.TestDateTime_Properties" time="0.002"/>
  <testcase name="testPropertyGetMonthOfYear" classname="org.joda.time.TestDateTime_Properties" time="0.001"/>
  <testcase name="testPropertyToIntervalSecondOfMinute" classname="org.joda.time.TestDateTime_Properties" time="0"/>
  <testcase name="testPropertyToIntervalMillisOfSecond" classname="org.joda.time.TestDateTime_Properties" time="0"/>
  <testcase name="testPropertyEqualsHashCodeLenient" classname="org.joda.time.TestDateTime_Properties" time="0.001"/>
  <testcase name="testPropertyEqualsHashCodeStrict" classname="org.joda.time.TestDateTime_Properties" time="0.002"/>
  <testcase name="testPropertyGetYearOfEra" classname="org.joda.time.TestDateTime_Properties" time="0.001"/>
  <testcase name="testPropertyGetCenturyOfEra" classname="org.joda.time.TestDateTime_Properties" time="0"/>
  <testcase name="testPropertyGetYearOfCentury" classname="org.joda.time.TestDateTime_Properties" time="0"/>
  <testcase name="testPropertyGetWeekyear" classname="org.joda.time.TestDateTime_Properties" time="0.001"/>
  <testcase name="testPropertyGetYear" classname="org.joda.time.TestDateTime_Properties" time="0"/>
  <testcase name="testPropertyLeapYear" classname="org.joda.time.TestDateTime_Properties" time="0"/>
  <testcase name="testPropertyAddYear" classname="org.joda.time.TestDateTime_Properties" time="0.001"/>
  <testcase name="testPropertyAddWrapFieldYear" classname="org.joda.time.TestDateTime_Properties" time="0"/>
  <testcase name="testPropertySetYear" classname="org.joda.time.TestDateTime_Properties" time="0.001"/>
  <testcase name="testPropertySetTextYear" classname="org.joda.time.TestDateTime_Properties" time="0"/>
  <testcase name="testPropertyCompareToYear" classname="org.joda.time.TestDateTime_Properties" time="0"/>
  <testcase name="testPropertyCompareToYear2" classname="org.joda.time.TestDateTime_Properties" time="0"/>
  <testcase name="testConstructor" classname="org.joda.time.TestMutableDateTime_Constructors" time="0"/>
  <testcase name="testTest" classname="org.joda.time.TestMutableDateTime_Constructors" time="0.001"/>
  <testcase name="test_now" classname="org.joda.time.TestMutableDateTime_Constructors" time="0"/>
  <testcase name="testConstructor_long_nullChronology" classname="org.joda.time.TestMutableDateTime_Constructors" time="0"/>
  <testcase name="testConstructor_Object_DateTimeZone" classname="org.joda.time.TestMutableDateTime_Constructors" time="0"/>
  <testcase name="testConstructor_invalidObject_DateTimeZone" classname="org.joda.time.TestMutableDateTime_Constructors" time="0.001"/>
  <testcase name="testConstructor_nullObject_DateTimeZone" classname="org.joda.time.TestMutableDateTime_Constructors" time="0.001"/>
  <testcase name="testConstructor_Object_nullDateTimeZone" classname="org.joda.time.TestMutableDateTime_Constructors" time="0"/>
  <testcase name="testConstructor_nullObject_nullDateTimeZone" classname="org.joda.time.TestMutableDateTime_Constructors" time="0"/>
  <testcase name="testConstructor_badconverterObject_DateTimeZone" classname="org.joda.time.TestMutableDateTime_Constructors" time="0"/>
  <testcase name="testConstructor_Object_Chronology" classname="org.joda.time.TestMutableDateTime_Constructors" time="0"/>
  <testcase name="testConstructor_invalidObject_Chronology" classname="org.joda.time.TestMutableDateTime_Constructors" time="0.001"/>
  <testcase name="testConstructor_nullObject_Chronology" classname="org.joda.time.TestMutableDateTime_Constructors" time="0"/>
  <testcase name="testConstructor_Object_nullChronology" classname="org.joda.time.TestMutableDateTime_Constructors" time="0"/>
  <testcase name="testConstructor_nullObject_nullChronology" classname="org.joda.time.TestMutableDateTime_Constructors" time="0"/>
  <testcase name="testConstructor_badconverterObject_Chronology" classname="org.joda.time.TestMutableDateTime_Constructors" time="0"/>
  <testcase name="testConstructor_int_int_int_int_int_int_int" classname="org.joda.time.TestMutableDateTime_Constructors" time="0.002"/>
  <testcase name="testConstructor_int_int_int_int_int_int_int_DateTimeZone" classname="org.joda.time.TestMutableDateTime_Constructors" time="0.001"/>
  <testcase name="testConstructor_int_int_int_int_int_int_int_nullDateTimeZone" classname="org.joda.time.TestMutableDateTime_Constructors" time="0"/>
  <testcase name="testConstructor_int_int_int_int_int_int_int_Chronology" classname="org.joda.time.TestMutableDateTime_Constructors" time="0.001"/>
  <testcase name="testConstructor_int_int_int_int_int_int_int_nullChronology" classname="org.joda.time.TestMutableDateTime_Constructors" time="0"/>
  <testcase name="test_now_DateTimeZone" classname="org.joda.time.TestMutableDateTime_Constructors" time="0"/>
  <testcase name="test_now_nullDateTimeZone" classname="org.joda.time.TestMutableDateTime_Constructors" time="0"/>
  <testcase name="test_now_Chronology" classname="org.joda.time.TestMutableDateTime_Constructors" time="0.001"/>
  <testcase name="test_now_nullChronology" classname="org.joda.time.TestMutableDateTime_Constructors" time="0"/>
  <testcase name="testConstructor_DateTimeZone" classname="org.joda.time.TestMutableDateTime_Constructors" time="0"/>
  <testcase name="testConstructor_nullDateTimeZone" classname="org.joda.time.TestMutableDateTime_Constructors" time="0"/>
  <testcase name="testConstructor_Chronology" classname="org.joda.time.TestMutableDateTime_Constructors" time="0"/>
  <testcase name="testConstructor_nullChronology" classname="org.joda.time.TestMutableDateTime_Constructors" time="0.001"/>
  <testcase name="testConstructor_long1_DateTimeZone" classname="org.joda.time.TestMutableDateTime_Constructors" time="0"/>
  <testcase name="testConstructor_long2_DateTimeZone" classname="org.joda.time.TestMutableDateTime_Constructors" time="0"/>
  <testcase name="testConstructor_long_nullDateTimeZone" classname="org.joda.time.TestMutableDateTime_Constructors" time="0"/>
  <testcase name="testConstructor_long1_Chronology" classname="org.joda.time.TestMutableDateTime_Constructors" time="0"/>
  <testcase name="testConstructor_long2_Chronology" classname="org.joda.time.TestMutableDateTime_Constructors" time="0"/>
  <testcase name="testParse_noFormatter" classname="org.joda.time.TestMutableDateTime_Constructors" time="0.002"/>
  <testcase name="testParse_formatter" classname="org.joda.time.TestMutableDateTime_Constructors" time="0"/>
  <testcase name="testConstructor_long1" classname="org.joda.time.TestMutableDateTime_Constructors" time="0"/>
  <testcase name="testConstructor_long2" classname="org.joda.time.TestMutableDateTime_Constructors" time="0"/>
  <testcase name="testConstructor_Object" classname="org.joda.time.TestMutableDateTime_Constructors" time="0.001"/>
  <testcase name="testConstructor_invalidObject" classname="org.joda.time.TestMutableDateTime_Constructors" time="0"/>
  <testcase name="testConstructor_nullObject" classname="org.joda.time.TestMutableDateTime_Constructors" time="0"/>
  <testcase name="testConstructor_badconverterObject" classname="org.joda.time.TestMutableDateTime_Constructors" time="0"/>
  <testcase name="testTest" classname="org.joda.time.TestMutableDateTime_Basics" time="0"/>
  <testcase name="testToString" classname="org.joda.time.TestMutableDateTime_Basics" time="0.001"/>
  <testcase name="testGet_DateTimeFieldType" classname="org.joda.time.TestMutableDateTime_Basics" time="0.001"/>
  <testcase name="testGet_DateTimeField" classname="org.joda.time.TestMutableDateTime_Basics" time="0.001"/>
  <testcase name="testGetMethods" classname="org.joda.time.TestMutableDateTime_Basics" time="0.001"/>
  <testcase name="testEqualsHashCode" classname="org.joda.time.TestMutableDateTime_Basics" time="0.001"/>
  <testcase name="testCompareTo" classname="org.joda.time.TestMutableDateTime_Basics" time="0"/>
  <testcase name="testSerialization" classname="org.joda.time.TestMutableDateTime_Basics" time="0.002"/>
  <testcase name="testToInstant" classname="org.joda.time.TestMutableDateTime_Basics" time="0"/>
  <testcase name="testToDateTime" classname="org.joda.time.TestMutableDateTime_Basics" time="0"/>
  <testcase name="testToDateTimeISO" classname="org.joda.time.TestMutableDateTime_Basics" time="0"/>
  <testcase name="testToDateTime_DateTimeZone" classname="org.joda.time.TestMutableDateTime_Basics" time="0"/>
  <testcase name="testToDateTime_Chronology" classname="org.joda.time.TestMutableDateTime_Basics" time="0"/>
  <testcase name="testToMutableDateTime" classname="org.joda.time.TestMutableDateTime_Basics" time="0"/>
  <testcase name="testToMutableDateTimeISO" classname="org.joda.time.TestMutableDateTime_Basics" time="0"/>
  <testcase name="testToMutableDateTime_DateTimeZone" classname="org.joda.time.TestMutableDateTime_Basics" time="0.001"/>
  <testcase name="testToMutableDateTime_Chronology" classname="org.joda.time.TestMutableDateTime_Basics" time="0.002"/>
  <testcase name="testToDate" classname="org.joda.time.TestMutableDateTime_Basics" time="0"/>
  <testcase name="testRounding7" classname="org.joda.time.TestMutableDateTime_Basics" time="0.001"/>
  <testcase name="testRounding8" classname="org.joda.time.TestMutableDateTime_Basics" time="0"/>
  <testcase name="testToString_String" classname="org.joda.time.TestMutableDateTime_Basics" time="0"/>
  <testcase name="testToString_DTFormatter" classname="org.joda.time.TestMutableDateTime_Basics" time="0.001"/>
  <testcase name="testToCalendar_Locale" classname="org.joda.time.TestMutableDateTime_Basics" time="0"/>
  <testcase name="testToGregorianCalendar" classname="org.joda.time.TestMutableDateTime_Basics" time="0.001"/>
  <testcase name="testProperty" classname="org.joda.time.TestMutableDateTime_Basics" time="0.001"/>
  <testcase name="testIsBefore" classname="org.joda.time.TestMutableDateTime_Basics" time="0"/>
  <testcase name="testIsAfter" classname="org.joda.time.TestMutableDateTime_Basics" time="0"/>
  <testcase name="testToString_String_String" classname="org.joda.time.TestMutableDateTime_Basics" time="0.001"/>
  <testcase name="testClone" classname="org.joda.time.TestMutableDateTime_Basics" time="0"/>
  <testcase name="testCopy" classname="org.joda.time.TestMutableDateTime_Basics" time="0"/>
  <testcase name="testRounding5" classname="org.joda.time.TestMutableDateTime_Basics" time="0.002"/>
  <testcase name="testRounding6" classname="org.joda.time.TestMutableDateTime_Basics" time="0"/>
  <testcase name="testRounding3" classname="org.joda.time.TestMutableDateTime_Basics" time="0"/>
  <testcase name="testRounding4" classname="org.joda.time.TestMutableDateTime_Basics" time="0"/>
  <testcase name="testRounding1" classname="org.joda.time.TestMutableDateTime_Basics" time="0"/>
  <testcase name="testRounding2" classname="org.joda.time.TestMutableDateTime_Basics" time="0"/>
  <testcase name="testIsEqual" classname="org.joda.time.TestMutableDateTime_Basics" time="0"/>
  <testcase name="testTest" classname="org.joda.time.TestMutableDateTime_Sets" time="0"/>
  <testcase name="testSetMillis_long1" classname="org.joda.time.TestMutableDateTime_Sets" time="0"/>
  <testcase name="testSetChronology_Chronology1" classname="org.joda.time.TestMutableDateTime_Sets" time="0"/>
  <testcase name="testSetChronology_Chronology2" classname="org.joda.time.TestMutableDateTime_Sets" time="0"/>
  <testcase name="testSetZone_DateTimeZone1" classname="org.joda.time.TestMutableDateTime_Sets" time="0"/>
  <testcase name="testSetZone_DateTimeZone2" classname="org.joda.time.TestMutableDateTime_Sets" time="0"/>
  <testcase name="testSetZoneRetainFields_DateTimeZone1" classname="org.joda.time.TestMutableDateTime_Sets" time="0"/>
  <testcase name="testSetZoneRetainFields_DateTimeZone2" classname="org.joda.time.TestMutableDateTime_Sets" time="0"/>
  <testcase name="testSetZoneRetainFields_DateTimeZone3" classname="org.joda.time.TestMutableDateTime_Sets" time="0"/>
  <testcase name="testSetZoneRetainFields_DateTimeZone4" classname="org.joda.time.TestMutableDateTime_Sets" time="0"/>
  <testcase name="testSetMillis_RI1" classname="org.joda.time.TestMutableDateTime_Sets" time="0"/>
  <testcase name="testSetMillis_RI2" classname="org.joda.time.TestMutableDateTime_Sets" time="0"/>
  <testcase name="testSet_DateTimeFieldType_int1" classname="org.joda.time.TestMutableDateTime_Sets" time="0"/>
  <testcase name="testSet_DateTimeFieldType_int2" classname="org.joda.time.TestMutableDateTime_Sets" time="0"/>
  <testcase name="testSet_DateTimeFieldType_int3" classname="org.joda.time.TestMutableDateTime_Sets" time="0"/>
  <testcase name="testSetDate_int_int_int1" classname="org.joda.time.TestMutableDateTime_Sets" time="0"/>
  <testcase name="testSetDate_int_int_int2" classname="org.joda.time.TestMutableDateTime_Sets" time="0"/>
  <testcase name="testSetDate_long1" classname="org.joda.time.TestMutableDateTime_Sets" time="0"/>
  <testcase name="testSetDate_RI1" classname="org.joda.time.TestMutableDateTime_Sets" time="0"/>
  <testcase name="testSetDate_RI2" classname="org.joda.time.TestMutableDateTime_Sets" time="0"/>
  <testcase name="testSetDate_RI_same" classname="org.joda.time.TestMutableDateTime_Sets" time="0"/>
  <testcase name="testSetDate_RI_different1" classname="org.joda.time.TestMutableDateTime_Sets" time="0.001"/>
  <testcase name="testSetDate_RI_different2" classname="org.joda.time.TestMutableDateTime_Sets" time="0"/>
  <testcase name="testSetTime_int_int_int_int1" classname="org.joda.time.TestMutableDateTime_Sets" time="0"/>
  <testcase name="testSetTime_long1" classname="org.joda.time.TestMutableDateTime_Sets" time="0"/>
  <testcase name="testSetTime_RI2" classname="org.joda.time.TestMutableDateTime_Sets" time="0"/>
  <testcase name="testSetWeekOfWeekyear_int1" classname="org.joda.time.TestMutableDateTime_Sets" time="0"/>
  <testcase name="testSetWeekOfWeekyear_int2" classname="org.joda.time.TestMutableDateTime_Sets" time="0"/>
  <testcase name="testSetDayOfWeek_int1" classname="org.joda.time.TestMutableDateTime_Sets" time="0.001"/>
  <testcase name="testSetDayOfWeek_int2" classname="org.joda.time.TestMutableDateTime_Sets" time="0"/>
  <testcase name="testSetHourOfDay_int1" classname="org.joda.time.TestMutableDateTime_Sets" time="0"/>
  <testcase name="testSetHourOfDay_int2" classname="org.joda.time.TestMutableDateTime_Sets" time="0"/>
  <testcase name="testSetMinuteOfHour_int1" classname="org.joda.time.TestMutableDateTime_Sets" time="0"/>
  <testcase name="testSetMinuteOfHour_int2" classname="org.joda.time.TestMutableDateTime_Sets" time="0"/>
  <testcase name="testSetMinuteOfDay_int1" classname="org.joda.time.TestMutableDateTime_Sets" time="0"/>
  <testcase name="testSetMinuteOfDay_int2" classname="org.joda.time.TestMutableDateTime_Sets" time="0"/>
  <testcase name="testSetSecondOfMinute_int1" classname="org.joda.time.TestMutableDateTime_Sets" time="0"/>
  <testcase name="testSetSecondOfMinute_int2" classname="org.joda.time.TestMutableDateTime_Sets" time="0.001"/>
  <testcase name="testSetSecondOfDay_int1" classname="org.joda.time.TestMutableDateTime_Sets" time="0"/>
  <testcase name="testSetSecondOfDay_int2" classname="org.joda.time.TestMutableDateTime_Sets" time="0"/>
  <testcase name="testSetMilliOfSecond_int1" classname="org.joda.time.TestMutableDateTime_Sets" time="0"/>
  <testcase name="testSetMilliOfSecond_int2" classname="org.joda.time.TestMutableDateTime_Sets" time="0"/>
  <testcase name="testSetMilliOfDay_int1" classname="org.joda.time.TestMutableDateTime_Sets" time="0.008"/>
  <testcase name="testSetMilliOfDay_int2" classname="org.joda.time.TestMutableDateTime_Sets" time="0"/>
  <testcase name="testSetTime_int_int_int2" classname="org.joda.time.TestMutableDateTime_Sets" time="0.001"/>
  <testcase name="testSetTime_RI1" classname="org.joda.time.TestMutableDateTime_Sets" time="0"/>
  <testcase name="testSetTime_Object3" classname="org.joda.time.TestMutableDateTime_Sets" time="0"/>
  <testcase name="testSetDateTime_int_int_int_int_int_int_int1" classname="org.joda.time.TestMutableDateTime_Sets" time="0"/>
  <testcase name="testSetDateTime_int_int_int_int_int_int_int2" classname="org.joda.time.TestMutableDateTime_Sets" time="0"/>
  <testcase name="testSetYear_int1" classname="org.joda.time.TestMutableDateTime_Sets" time="0"/>
  <testcase name="testSetMonthOfYear_int1" classname="org.joda.time.TestMutableDateTime_Sets" time="0"/>
  <testcase name="testSetMonthOfYear_int_dstOverlapSummer_addZero" classname="org.joda.time.TestMutableDateTime_Sets" time="0.001"/>
  <testcase name="testSetMonthOfYear_int_dstOverlapWinter_addZero" classname="org.joda.time.TestMutableDateTime_Sets" time="0"/>
  <testcase name="testSetMonthOfYear_int2" classname="org.joda.time.TestMutableDateTime_Sets" time="0"/>
  <testcase name="testSetDayOfMonth_int1" classname="org.joda.time.TestMutableDateTime_Sets" time="0"/>
  <testcase name="testSetDayOfMonth_int2" classname="org.joda.time.TestMutableDateTime_Sets" time="0"/>
  <testcase name="testSetDayOfMonth_int_dstOverlapSummer_addZero" classname="org.joda.time.TestMutableDateTime_Sets" time="0"/>
  <testcase name="testSetDayOfMonth_int_dstOverlapWinter_addZero" classname="org.joda.time.TestMutableDateTime_Sets" time="0.005"/>
  <testcase name="testSetDayOfYear_int1" classname="org.joda.time.TestMutableDateTime_Sets" time="0.001"/>
  <testcase name="testSetDayOfYear_int_dstOverlapSummer_addZero" classname="org.joda.time.TestMutableDateTime_Sets" time="0"/>
  <testcase name="testSetDayOfYear_int_dstOverlapWinter_addZero" classname="org.joda.time.TestMutableDateTime_Sets" time="0"/>
  <testcase name="testSetDayOfYear_int2" classname="org.joda.time.TestMutableDateTime_Sets" time="0"/>
  <testcase name="testSetWeekyear_int1" classname="org.joda.time.TestMutableDateTime_Sets" time="0.001"/>
  <testcase name="testTest" classname="org.joda.time.TestMutableDateTime_Adds" time="0"/>
  <testcase name="testAdd_DurationFieldType_int_dstOverlapWinter_addZero" classname="org.joda.time.TestMutableDateTime_Adds" time="0"/>
  <testcase name="testAdd_DurationFieldType_int2" classname="org.joda.time.TestMutableDateTime_Adds" time="0"/>
  <testcase name="testAdd_DurationFieldType_int3" classname="org.joda.time.TestMutableDateTime_Adds" time="0.001"/>
  <testcase name="testAddYears_int1" classname="org.joda.time.TestMutableDateTime_Adds" time="0"/>
  <testcase name="testAddYears_int_dstOverlapSummer_addZero" classname="org.joda.time.TestMutableDateTime_Adds" time="0"/>
  <testcase name="testAddYears_int_dstOverlapWinter_addZero" classname="org.joda.time.TestMutableDateTime_Adds" time="0"/>
  <testcase name="testAddMonths_int1" classname="org.joda.time.TestMutableDateTime_Adds" time="0"/>
  <testcase name="testAddMonths_int_dstOverlapSummer_addZero" classname="org.joda.time.TestMutableDateTime_Adds" time="0"/>
  <testcase name="testAddMonths_int_dstOverlapWinter_addZero" classname="org.joda.time.TestMutableDateTime_Adds" time="0"/>
  <testcase name="testAddDays_int1" classname="org.joda.time.TestMutableDateTime_Adds" time="0"/>
  <testcase name="testAddDays_int_dstOverlapSummer_addZero" classname="org.joda.time.TestMutableDateTime_Adds" time="0.001"/>
  <testcase name="testAddDays_int_dstOverlapWinter_addZero" classname="org.joda.time.TestMutableDateTime_Adds" time="0"/>
  <testcase name="testAddWeekyears_int1" classname="org.joda.time.TestMutableDateTime_Adds" time="0"/>
  <testcase name="testAddWeeks_int1" classname="org.joda.time.TestMutableDateTime_Adds" time="0"/>
  <testcase name="testAddWeeks_int_dstOverlapSummer_addZero" classname="org.joda.time.TestMutableDateTime_Adds" time="0"/>
  <testcase name="testAddWeeks_int_dstOverlapWinter_addZero" classname="org.joda.time.TestMutableDateTime_Adds" time="0"/>
  <testcase name="testAddHours_int1" classname="org.joda.time.TestMutableDateTime_Adds" time="0.001"/>
  <testcase name="testAddHours_int_dstOverlapSummer_addZero" classname="org.joda.time.TestMutableDateTime_Adds" time="0.001"/>
  <testcase name="testAddHours_int_dstOverlapWinter_addZero" classname="org.joda.time.TestMutableDateTime_Adds" time="0"/>
  <testcase name="testAddMinutes_int1" classname="org.joda.time.TestMutableDateTime_Adds" time="0"/>
  <testcase name="testAddMinutes_int_dstOverlapSummer_addZero" classname="org.joda.time.TestMutableDateTime_Adds" time="0"/>
  <testcase name="testAddMinutes_int_dstOverlapWinter_addZero" classname="org.joda.time.TestMutableDateTime_Adds" time="0.001"/>
  <testcase name="testAddSeconds_int1" classname="org.joda.time.TestMutableDateTime_Adds" time="0"/>
  <testcase name="testAddSeconds_int_dstOverlapSummer_addZero" classname="org.joda.time.TestMutableDateTime_Adds" time="0"/>
  <testcase name="testAddSeconds_int_dstOverlapWinter_addZero" classname="org.joda.time.TestMutableDateTime_Adds" time="0"/>
  <testcase name="testAdd_long1" classname="org.joda.time.TestMutableDateTime_Adds" time="0"/>
  <testcase name="testAdd_RD1" classname="org.joda.time.TestMutableDateTime_Adds" time="0"/>
  <testcase name="testAdd_RD2" classname="org.joda.time.TestMutableDateTime_Adds" time="0"/>
  <testcase name="testAdd_RD_int1" classname="org.joda.time.TestMutableDateTime_Adds" time="0.001"/>
  <testcase name="testAdd_RD_int2" classname="org.joda.time.TestMutableDateTime_Adds" time="0"/>
  <testcase name="testAdd_RP1" classname="org.joda.time.TestMutableDateTime_Adds" time="0.003"/>
  <testcase name="testAdd_RP2" classname="org.joda.time.TestMutableDateTime_Adds" time="0"/>
  <testcase name="testAdd_RP_int1" classname="org.joda.time.TestMutableDateTime_Adds" time="0"/>
  <testcase name="testAdd_RP_int2" classname="org.joda.time.TestMutableDateTime_Adds" time="0"/>
  <testcase name="testAdd_DurationFieldType_int1" classname="org.joda.time.TestMutableDateTime_Adds" time="0.009"/>
  <testcase name="testAdd_DurationFieldType_int_dstOverlapSummer_addZero" classname="org.joda.time.TestMutableDateTime_Adds" time="0"/>
  <testcase name="testAddMillis_int1" classname="org.joda.time.TestMutableDateTime_Adds" time="0"/>
  <testcase name="testAddMillis_int_dstOverlapSummer_addZero" classname="org.joda.time.TestMutableDateTime_Adds" time="0.001"/>
  <testcase name="testAddMillis_int_dstOverlapWinter_addZero" classname="org.joda.time.TestMutableDateTime_Adds" time="0"/>
  <testcase name="testTest" classname="org.joda.time.TestMutableDateTime_Properties" time="0"/>
  <testcase name="testPropertyAddMonthOfYear" classname="org.joda.time.TestMutableDateTime_Properties" time="0"/>
  <testcase name="testPropertyAddWrapFieldMonthOfYear" classname="org.joda.time.TestMutableDateTime_Properties" time="0.001"/>
  <testcase name="testPropertySetMonthOfYear" classname="org.joda.time.TestMutableDateTime_Properties" time="0"/>
  <testcase name="testPropertySetTextMonthOfYear" classname="org.joda.time.TestMutableDateTime_Properties" time="0.001"/>
  <testcase name="testPropertyGetDayOfMonth" classname="org.joda.time.TestMutableDateTime_Properties" time="0.001"/>
  <testcase name="testPropertyAddDayOfMonth" classname="org.joda.time.TestMutableDateTime_Properties" time="0"/>
  <testcase name="testPropertyAddWrapFieldDayOfMonth" classname="org.joda.time.TestMutableDateTime_Properties" time="0"/>
  <testcase name="testPropertySetDayOfMonth" classname="org.joda.time.TestMutableDateTime_Properties" time="0"/>
  <testcase name="testPropertySetTextDayOfMonth" classname="org.joda.time.TestMutableDateTime_Properties" time="0"/>
  <testcase name="testPropertyGetDayOfYear" classname="org.joda.time.TestMutableDateTime_Properties" time="0.001"/>
  <testcase name="testPropertyAddDayOfYear" classname="org.joda.time.TestMutableDateTime_Properties" time="0"/>
  <testcase name="testPropertyAddWrapFieldDayOfYear" classname="org.joda.time.TestMutableDateTime_Properties" time="0"/>
  <testcase name="testPropertySetDayOfYear" classname="org.joda.time.TestMutableDateTime_Properties" time="0"/>
  <testcase name="testPropertySetTextDayOfYear" classname="org.joda.time.TestMutableDateTime_Properties" time="0"/>
  <testcase name="testPropertyGetWeekOfWeekyear" classname="org.joda.time.TestMutableDateTime_Properties" time="0"/>
  <testcase name="testPropertyGetEra" classname="org.joda.time.TestMutableDateTime_Properties" time="0.001"/>
  <testcase name="testPropertyAddWeekOfWeekyear" classname="org.joda.time.TestMutableDateTime_Properties" time="0"/>
  <testcase name="testPropertyAddWrapFieldWeekOfWeekyear" classname="org.joda.time.TestMutableDateTime_Properties" time="0"/>
  <testcase name="testPropertySetWeekOfWeekyear" classname="org.joda.time.TestMutableDateTime_Properties" time="0"/>
  <testcase name="testPropertySetTextWeekOfWeekyear" classname="org.joda.time.TestMutableDateTime_Properties" time="0.001"/>
  <testcase name="testPropertyGetDayOfWeek" classname="org.joda.time.TestMutableDateTime_Properties" time="0"/>
  <testcase name="testPropertyAddDayOfWeek" classname="org.joda.time.TestMutableDateTime_Properties" time="0"/>
  <testcase name="testPropertyAddLongDayOfWeek" classname="org.joda.time.TestMutableDateTime_Properties" time="0"/>
  <testcase name="testPropertyAddWrapFieldDayOfWeek" classname="org.joda.time.TestMutableDateTime_Properties" time="0"/>
  <testcase name="testPropertySetDayOfWeek" classname="org.joda.time.TestMutableDateTime_Properties" time="0"/>
  <testcase name="testPropertySetTextDayOfWeek" classname="org.joda.time.TestMutableDateTime_Properties" time="0"/>
  <testcase name="testPropertyGetHourOfDay" classname="org.joda.time.TestMutableDateTime_Properties" time="0"/>
  <testcase name="testPropertyRoundFloorHourOfDay" classname="org.joda.time.TestMutableDateTime_Properties" time="0"/>
  <testcase name="testPropertyRoundCeilingHourOfDay" classname="org.joda.time.TestMutableDateTime_Properties" time="0.001"/>
  <testcase name="testPropertyRoundHalfFloorHourOfDay" classname="org.joda.time.TestMutableDateTime_Properties" time="0"/>
  <testcase name="testPropertyRoundHalfCeilingHourOfDay" classname="org.joda.time.TestMutableDateTime_Properties" time="0"/>
  <testcase name="testPropertyRoundHalfEvenHourOfDay" classname="org.joda.time.TestMutableDateTime_Properties" time="0.001"/>
  <testcase name="testPropertyRemainderHourOfDay" classname="org.joda.time.TestMutableDateTime_Properties" time="0"/>
  <testcase name="testPropertyGetMinuteOfHour" classname="org.joda.time.TestMutableDateTime_Properties" time="0"/>
  <testcase name="testPropertyGetMinuteOfDay" classname="org.joda.time.TestMutableDateTime_Properties" time="0"/>
  <testcase name="testPropertyGetSecondOfMinute" classname="org.joda.time.TestMutableDateTime_Properties" time="0.001"/>
  <testcase name="testPropertyGetSecondOfDay" classname="org.joda.time.TestMutableDateTime_Properties" time="0"/>
  <testcase name="testPropertyGetMillisOfSecond" classname="org.joda.time.TestMutableDateTime_Properties" time="0"/>
  <testcase name="testPropertyGetMillisOfDay" classname="org.joda.time.TestMutableDateTime_Properties" time="0"/>
  <testcase name="testPropertyToIntervalYearOfEra" classname="org.joda.time.TestMutableDateTime_Properties" time="0"/>
  <testcase name="testPropertyToIntervalYearOfCentury" classname="org.joda.time.TestMutableDateTime_Properties" time="0.001"/>
  <testcase name="testPropertyToIntervalYear" classname="org.joda.time.TestMutableDateTime_Properties" time="0"/>
  <testcase name="testPropertyToIntervalMonthOfYear" classname="org.joda.time.TestMutableDateTime_Properties" time="0"/>
  <testcase name="testPropertyToIntervalDayOfMonth" classname="org.joda.time.TestMutableDateTime_Properties" time="0"/>
  <testcase name="testPropertyToIntervalHourOfDay" classname="org.joda.time.TestMutableDateTime_Properties" time="0"/>
  <testcase name="testPropertyToIntervalMinuteOfHour" classname="org.joda.time.TestMutableDateTime_Properties" time="0"/>
  <testcase name="testPropertyGetMonthOfYear" classname="org.joda.time.TestMutableDateTime_Properties" time="0.002"/>
  <testcase name="testPropertyToIntervalSecondOfMinute" classname="org.joda.time.TestMutableDateTime_Properties" time="0"/>
  <testcase name="testPropertyToIntervalMillisOfSecond" classname="org.joda.time.TestMutableDateTime_Properties" time="0.001"/>
  <testcase name="testPropertyGetYearOfEra" classname="org.joda.time.TestMutableDateTime_Properties" time="0"/>
  <testcase name="testPropertyGetCenturyOfEra" classname="org.joda.time.TestMutableDateTime_Properties" time="0.001"/>
  <testcase name="testPropertyGetYearOfCentury" classname="org.joda.time.TestMutableDateTime_Properties" time="0"/>
  <testcase name="testPropertyGetWeekyear" classname="org.joda.time.TestMutableDateTime_Properties" time="0"/>
  <testcase name="testPropertyGetYear" classname="org.joda.time.TestMutableDateTime_Properties" time="0"/>
  <testcase name="testPropertyAddYear" classname="org.joda.time.TestMutableDateTime_Properties" time="0"/>
  <testcase name="testPropertyAddWrapFieldYear" classname="org.joda.time.TestMutableDateTime_Properties" time="0"/>
  <testcase name="testPropertySetYear" classname="org.joda.time.TestMutableDateTime_Properties" time="0"/>
  <testcase name="testPropertySetTextYear" classname="org.joda.time.TestMutableDateTime_Properties" time="0"/>
  <testcase name="testConstructor" classname="org.joda.time.TestDateMidnight_Constructors" time="0"/>
  <testcase name="testTest" classname="org.joda.time.TestDateMidnight_Constructors" time="0.001"/>
  <testcase name="test_now" classname="org.joda.time.TestDateMidnight_Constructors" time="0"/>
  <testcase name="testConstructor_long_nullChronology" classname="org.joda.time.TestDateMidnight_Constructors" time="0"/>
  <testcase name="testConstructor_Object_DateTimeZone" classname="org.joda.time.TestDateMidnight_Constructors" time="0"/>
  <testcase name="testConstructor_invalidObject_DateTimeZone" classname="org.joda.time.TestDateMidnight_Constructors" time="0"/>
  <testcase name="testConstructor_nullObject_DateTimeZone" classname="org.joda.time.TestDateMidnight_Constructors" time="0"/>
  <testcase name="testConstructor_Object_nullDateTimeZone" classname="org.joda.time.TestDateMidnight_Constructors" time="0"/>
  <testcase name="testConstructor_nullObject_nullDateTimeZone" classname="org.joda.time.TestDateMidnight_Constructors" time="0"/>
  <testcase name="testConstructor_badconverterObject_DateTimeZone" classname="org.joda.time.TestDateMidnight_Constructors" time="0"/>
  <testcase name="testConstructor_Object_Chronology" classname="org.joda.time.TestDateMidnight_Constructors" time="0"/>
  <testcase name="testConstructor_invalidObject_Chronology" classname="org.joda.time.TestDateMidnight_Constructors" time="0.001"/>
  <testcase name="testConstructor_nullObject_Chronology" classname="org.joda.time.TestDateMidnight_Constructors" time="0"/>
  <testcase name="testConstructor_Object_nullChronology" classname="org.joda.time.TestDateMidnight_Constructors" time="0"/>
  <testcase name="testConstructor_nullObject_nullChronology" classname="org.joda.time.TestDateMidnight_Constructors" time="0"/>
  <testcase name="testConstructor_badconverterObject_Chronology" classname="org.joda.time.TestDateMidnight_Constructors" time="0"/>
  <testcase name="test_now_DateTimeZone" classname="org.joda.time.TestDateMidnight_Constructors" time="0"/>
  <testcase name="test_now_nullDateTimeZone" classname="org.joda.time.TestDateMidnight_Constructors" time="0"/>
  <testcase name="test_now_Chronology" classname="org.joda.time.TestDateMidnight_Constructors" time="0.001"/>
  <testcase name="test_now_nullChronology" classname="org.joda.time.TestDateMidnight_Constructors" time="0"/>
  <testcase name="testConstructor_DateTimeZone" classname="org.joda.time.TestDateMidnight_Constructors" time="0"/>
  <testcase name="testConstructor_nullDateTimeZone" classname="org.joda.time.TestDateMidnight_Constructors" time="0"/>
  <testcase name="testConstructor_Chronology" classname="org.joda.time.TestDateMidnight_Constructors" time="0"/>
  <testcase name="testConstructor_nullChronology" classname="org.joda.time.TestDateMidnight_Constructors" time="0"/>
  <testcase name="testConstructor_long1_DateTimeZone" classname="org.joda.time.TestDateMidnight_Constructors" time="0"/>
  <testcase name="testConstructor_long2_DateTimeZone" classname="org.joda.time.TestDateMidnight_Constructors" time="0.001"/>
  <testcase name="testConstructor_long_nullDateTimeZone" classname="org.joda.time.TestDateMidnight_Constructors" time="0"/>
  <testcase name="testConstructor_long1_Chronology" classname="org.joda.time.TestDateMidnight_Constructors" time="0"/>
  <testcase name="testConstructor_long2_Chronology" classname="org.joda.time.TestDateMidnight_Constructors" time="0"/>
  <testcase name="testParse_noFormatter" classname="org.joda.time.TestDateMidnight_Constructors" time="0.001"/>
  <testcase name="testParse_formatter" classname="org.joda.time.TestDateMidnight_Constructors" time="0"/>
  <testcase name="testConstructor_long1" classname="org.joda.time.TestDateMidnight_Constructors" time="0"/>
  <testcase name="testConstructor_long2" classname="org.joda.time.TestDateMidnight_Constructors" time="0"/>
  <testcase name="testConstructor_Object" classname="org.joda.time.TestDateMidnight_Constructors" time="0"/>
  <testcase name="testConstructor_invalidObject" classname="org.joda.time.TestDateMidnight_Constructors" time="0"/>
  <testcase name="testConstructor_nullObject" classname="org.joda.time.TestDateMidnight_Constructors" time="0"/>
  <testcase name="testConstructor_badconverterObject" classname="org.joda.time.TestDateMidnight_Constructors" time="0"/>
  <testcase name="testConstructor_int_int_int" classname="org.joda.time.TestDateMidnight_Constructors" time="0.001"/>
  <testcase name="testConstructor_int_int_int_DateTimeZone" classname="org.joda.time.TestDateMidnight_Constructors" time="0"/>
  <testcase name="testConstructor_int_int_int_nullDateTimeZone" classname="org.joda.time.TestDateMidnight_Constructors" time="0.001"/>
  <testcase name="testConstructor_int_int_int_Chronology" classname="org.joda.time.TestDateMidnight_Constructors" time="0"/>
  <testcase name="testConstructor_int_int_int_nullChronology" classname="org.joda.time.TestDateMidnight_Constructors" time="0"/>
  <testcase name="testTest" classname="org.joda.time.TestDateMidnight_Basics" time="0"/>
  <testcase name="testToString" classname="org.joda.time.TestDateMidnight_Basics" time="0.001"/>
  <testcase name="testMinusWeeks_int" classname="org.joda.time.TestDateMidnight_Basics" time="0"/>
  <testcase name="testMinusDays_int" classname="org.joda.time.TestDateMidnight_Basics" time="0"/>
  <testcase name="testGet_DateTimeFieldType" classname="org.joda.time.TestDateMidnight_Basics" time="0"/>
  <testcase name="testGet_DateTimeField" classname="org.joda.time.TestDateMidnight_Basics" time="0.001"/>
  <testcase name="testEqualsHashCode" classname="org.joda.time.TestDateMidnight_Basics" time="0"/>
  <testcase name="testCompareTo" classname="org.joda.time.TestDateMidnight_Basics" time="0"/>
  <testcase name="testSerialization" classname="org.joda.time.TestDateMidnight_Basics" time="0.002"/>
  <testcase name="testToInstant" classname="org.joda.time.TestDateMidnight_Basics" time="0"/>
  <testcase name="testToDateTime" classname="org.joda.time.TestDateMidnight_Basics" time="0"/>
  <testcase name="testToDateTimeISO" classname="org.joda.time.TestDateMidnight_Basics" time="0"/>
  <testcase name="testToDateTime_DateTimeZone" classname="org.joda.time.TestDateMidnight_Basics" time="0"/>
  <testcase name="testToDateTime_Chronology" classname="org.joda.time.TestDateMidnight_Basics" time="0.001"/>
  <testcase name="testToMutableDateTime" classname="org.joda.time.TestDateMidnight_Basics" time="0"/>
  <testcase name="testToMutableDateTimeISO" classname="org.joda.time.TestDateMidnight_Basics" time="0"/>
  <testcase name="testToMutableDateTime_DateTimeZone" classname="org.joda.time.TestDateMidnight_Basics" time="0"/>
  <testcase name="testToMutableDateTime_Chronology" classname="org.joda.time.TestDateMidnight_Basics" time="0"/>
  <testcase name="testToDate" classname="org.joda.time.TestDateMidnight_Basics" time="0"/>
  <testcase name="testWithMillis_long" classname="org.joda.time.TestDateMidnight_Basics" time="0.001"/>
  <testcase name="testWithDurationAdded_long_int" classname="org.joda.time.TestDateMidnight_Basics" time="0"/>
  <testcase name="testWithDurationAdded_RD_int" classname="org.joda.time.TestDateMidnight_Basics" time="0"/>
  <testcase name="testPlus_long" classname="org.joda.time.TestDateMidnight_Basics" time="0"/>
  <testcase name="testPlus_RD" classname="org.joda.time.TestDateMidnight_Basics" time="0"/>
  <testcase name="testMinus_long" classname="org.joda.time.TestDateMidnight_Basics" time="0"/>
  <testcase name="testMinus_RD" classname="org.joda.time.TestDateMidnight_Basics" time="0.001"/>
  <testcase name="testGetters" classname="org.joda.time.TestDateMidnight_Basics" time="0"/>
  <testcase name="testWithers" classname="org.joda.time.TestDateMidnight_Basics" time="0"/>
  <testcase name="testToString_String" classname="org.joda.time.TestDateMidnight_Basics" time="0"/>
  <testcase name="testToString_DTFormatter" classname="org.joda.time.TestDateMidnight_Basics" time="0"/>
  <testcase name="testToCalendar_Locale" classname="org.joda.time.TestDateMidnight_Basics" time="0"/>
  <testcase name="testToGregorianCalendar" classname="org.joda.time.TestDateMidnight_Basics" time="0"/>
  <testcase name="testToYearMonthDay" classname="org.joda.time.TestDateMidnight_Basics" time="0"/>
  <testcase name="testToLocalDate" classname="org.joda.time.TestDateMidnight_Basics" time="0.001"/>
  <testcase name="testWithChronology_Chronology" classname="org.joda.time.TestDateMidnight_Basics" time="0"/>
  <testcase name="testWithZoneRetainFields_DateTimeZone" classname="org.joda.time.TestDateMidnight_Basics" time="0"/>
  <testcase name="testWithFields_RPartial" classname="org.joda.time.TestDateMidnight_Basics" time="0"/>
  <testcase name="testWithField1" classname="org.joda.time.TestDateMidnight_Basics" time="0"/>
  <testcase name="testWithField2" classname="org.joda.time.TestDateMidnight_Basics" time="0"/>
  <testcase name="testWithFieldAdded1" classname="org.joda.time.TestDateMidnight_Basics" time="0.001"/>
  <testcase name="testWithFieldAdded2" classname="org.joda.time.TestDateMidnight_Basics" time="0"/>
  <testcase name="testWithFieldAdded3" classname="org.joda.time.TestDateMidnight_Basics" time="0"/>
  <testcase name="testWithFieldAdded4" classname="org.joda.time.TestDateMidnight_Basics" time="0"/>
  <testcase name="testWithDurationAdded_RP_int" classname="org.joda.time.TestDateMidnight_Basics" time="0.001"/>
  <testcase name="testPlus_RP" classname="org.joda.time.TestDateMidnight_Basics" time="0"/>
  <testcase name="testPlusYears_int" classname="org.joda.time.TestDateMidnight_Basics" time="0"/>
  <testcase name="testPlusMonths_int" classname="org.joda.time.TestDateMidnight_Basics" time="0"/>
  <testcase name="testPlusWeeks_int" classname="org.joda.time.TestDateMidnight_Basics" time="0.001"/>
  <testcase name="testPlusDays_int" classname="org.joda.time.TestDateMidnight_Basics" time="0"/>
  <testcase name="testMinus_RP" classname="org.joda.time.TestDateMidnight_Basics" time="0"/>
  <testcase name="testMinusYears_int" classname="org.joda.time.TestDateMidnight_Basics" time="0"/>
  <testcase name="testMinusMonths_int" classname="org.joda.time.TestDateMidnight_Basics" time="0"/>
  <testcase name="testProperty" classname="org.joda.time.TestDateMidnight_Basics" time="0.001"/>
  <testcase name="testIsBefore" classname="org.joda.time.TestDateMidnight_Basics" time="0.001"/>
  <testcase name="testIsAfter" classname="org.joda.time.TestDateMidnight_Basics" time="0"/>
  <testcase name="testToString_String_String" classname="org.joda.time.TestDateMidnight_Basics" time="0"/>
  <testcase name="testToInterval" classname="org.joda.time.TestDateMidnight_Basics" time="0"/>
  <testcase name="testIsEqual" classname="org.joda.time.TestDateMidnight_Basics" time="0.001"/>
  <testcase name="testTest" classname="org.joda.time.TestDateMidnight_Properties" time="0"/>
  <testcase name="testPropertyAddMonthOfYear" classname="org.joda.time.TestDateMidnight_Properties" time="0"/>
  <testcase name="testPropertyAddWrapFieldMonthOfYear" classname="org.joda.time.TestDateMidnight_Properties" time="0"/>
  <testcase name="testPropertySetMonthOfYear" classname="org.joda.time.TestDateMidnight_Properties" time="0.001"/>
  <testcase name="testPropertySetTextMonthOfYear" classname="org.joda.time.TestDateMidnight_Properties" time="0"/>
  <testcase name="testPropertyGetDayOfMonth" classname="org.joda.time.TestDateMidnight_Properties" time="0"/>
  <testcase name="testPropertyWithMaximumValueDayOfMonth" classname="org.joda.time.TestDateMidnight_Properties" time="0"/>
  <testcase name="testPropertyWithMinimumValueDayOfMonth" classname="org.joda.time.TestDateMidnight_Properties" time="0"/>
  <testcase name="testPropertyGetDayOfYear" classname="org.joda.time.TestDateMidnight_Properties" time="0"/>
  <testcase name="testPropertyGetWeekOfWeekyear" classname="org.joda.time.TestDateMidnight_Properties" time="0"/>
  <testcase name="testPropertyGetEra" classname="org.joda.time.TestDateMidnight_Properties" time="0"/>
  <testcase name="testPropertyGetDayOfWeek" classname="org.joda.time.TestDateMidnight_Properties" time="0"/>
  <testcase name="testPropertyToIntervalYearOfEra" classname="org.joda.time.TestDateMidnight_Properties" time="0"/>
  <testcase name="testPropertyToIntervalYearOfCentury" classname="org.joda.time.TestDateMidnight_Properties" time="0.001"/>
  <testcase name="testPropertyToIntervalYear" classname="org.joda.time.TestDateMidnight_Properties" time="0"/>
  <testcase name="testPropertyToIntervalMonthOfYear" classname="org.joda.time.TestDateMidnight_Properties" time="0"/>
  <testcase name="testPropertyToIntervalDayOfMonth" classname="org.joda.time.TestDateMidnight_Properties" time="0"/>
  <testcase name="testPropertyGetMonthOfYear" classname="org.joda.time.TestDateMidnight_Properties" time="0.001"/>
  <testcase name="testPropertyEqualsHashCodeLenient" classname="org.joda.time.TestDateMidnight_Properties" time="0"/>
  <testcase name="testPropertyEqualsHashCodeStrict" classname="org.joda.time.TestDateMidnight_Properties" time="0"/>
  <testcase name="testPropertyRoundHalfFloorMonthOfYear" classname="org.joda.time.TestDateMidnight_Properties" time="0.001"/>
  <testcase name="testPropertyRoundHalfCeilingMonthOfYear" classname="org.joda.time.TestDateMidnight_Properties" time="0"/>
  <testcase name="testPropertyRoundHalfEvenMonthOfYear" classname="org.joda.time.TestDateMidnight_Properties" time="0"/>
  <testcase name="testPropertyGetYearOfEra" classname="org.joda.time.TestDateMidnight_Properties" time="0"/>
  <testcase name="testPropertyGetCenturyOfEra" classname="org.joda.time.TestDateMidnight_Properties" time="0"/>
  <testcase name="testPropertyGetYearOfCentury" classname="org.joda.time.TestDateMidnight_Properties" time="0"/>
  <testcase name="testPropertyGetWeekyear" classname="org.joda.time.TestDateMidnight_Properties" time="0"/>
  <testcase name="testPropertyGetYear" classname="org.joda.time.TestDateMidnight_Properties" time="0"/>
  <testcase name="testPropertyRoundFloorMonthOfYear" classname="org.joda.time.TestDateMidnight_Properties" time="0"/>
  <testcase name="testPropertySetTextLocaleMonthOfYear" classname="org.joda.time.TestDateMidnight_Properties" time="0.001"/>
  <testcase name="testPropertyAddLongMonthOfYear" classname="org.joda.time.TestDateMidnight_Properties" time="0"/>
  <testcase name="testPropertyGetDifferenceMonthOfYear" classname="org.joda.time.TestDateMidnight_Properties" time="0"/>
  <testcase name="testPropertyRemainderMonthOfYear" classname="org.joda.time.TestDateMidnight_Properties" time="0"/>
  <testcase name="testPropertyRoundCeilingMonthOfYear" classname="org.joda.time.TestDateMidnight_Properties" time="0"/>
  <testcase name="testParse_noFormatter" classname="org.joda.time.TestDuration_Constructors" time="0.001"/>
  <testcase name="testConstructor_long1" classname="org.joda.time.TestDuration_Constructors" time="0"/>
  <testcase name="testFactory_standardHours_long" classname="org.joda.time.TestDuration_Constructors" time="0"/>
  <testcase name="testFactory_standardMinutes_long" classname="org.joda.time.TestDuration_Constructors" time="0"/>
  <testcase name="testFactory_standardSeconds_long" classname="org.joda.time.TestDuration_Constructors" time="0"/>
  <testcase name="testFactory_millis_long" classname="org.joda.time.TestDuration_Constructors" time="0"/>
  <testcase name="testConstructor_long_long1" classname="org.joda.time.TestDuration_Constructors" time="0"/>
  <testcase name="testConstructor_RI_RI1" classname="org.joda.time.TestDuration_Constructors" time="0"/>
  <testcase name="testConstructor_RI_RI2" classname="org.joda.time.TestDuration_Constructors" time="0"/>
  <testcase name="testConstructor_RI_RI3" classname="org.joda.time.TestDuration_Constructors" time="0"/>
  <testcase name="testConstructor_RI_RI4" classname="org.joda.time.TestDuration_Constructors" time="0"/>
  <testcase name="testConstructor_Object1" classname="org.joda.time.TestDuration_Constructors" time="0"/>
  <testcase name="testConstructor_Object2" classname="org.joda.time.TestDuration_Constructors" time="0"/>
  <testcase name="testConstructor_Object3" classname="org.joda.time.TestDuration_Constructors" time="0.001"/>
  <testcase name="testConstructor_Object4" classname="org.joda.time.TestDuration_Constructors" time="0"/>
  <testcase name="testConstructor_Object5" classname="org.joda.time.TestDuration_Constructors" time="0"/>
  <testcase name="testConstructor_Overflow1" classname="org.joda.time.TestDuration_Constructors" time="0"/>
  <testcase name="testConstructor_Overflow2" classname="org.joda.time.TestDuration_Constructors" time="0"/>
  <testcase name="testConstructor_Overflow3" classname="org.joda.time.TestDuration_Constructors" time="0"/>
  <testcase name="testConstructor_Overflow4" classname="org.joda.time.TestDuration_Constructors" time="0.001"/>
  <testcase name="testZERO" classname="org.joda.time.TestDuration_Constructors" time="0"/>
  <testcase name="testFactory_standardDays_long" classname="org.joda.time.TestDuration_Constructors" time="0"/>
  <testcase name="testTest" classname="org.joda.time.TestDuration_Basics" time="0.001"/>
  <testcase name="testToString" classname="org.joda.time.TestDuration_Basics" time="0"/>
  <testcase name="testEqualsHashCode" classname="org.joda.time.TestDuration_Basics" time="0"/>
  <testcase name="testCompareTo" classname="org.joda.time.TestDuration_Basics" time="0"/>
  <testcase name="testSerialization" classname="org.joda.time.TestDuration_Basics" time="0.001"/>
  <testcase name="testGetMillis" classname="org.joda.time.TestDuration_Basics" time="0"/>
  <testcase name="testGetStandardSeconds" classname="org.joda.time.TestDuration_Basics" time="0"/>
  <testcase name="testToDuration1" classname="org.joda.time.TestDuration_Basics" time="0"/>
  <testcase name="testToDuration2" classname="org.joda.time.TestDuration_Basics" time="0"/>
  <testcase name="testToStandardDays" classname="org.joda.time.TestDuration_Basics" time="0.013"/>
  <testcase name="testToStandardDays_overflow" classname="org.joda.time.TestDuration_Basics" time="0"/>
  <testcase name="testToStandardHours" classname="org.joda.time.TestDuration_Basics" time="0.001"/>
  <testcase name="testToStandardHours_overflow" classname="org.joda.time.TestDuration_Basics" time="0"/>
[...]
  <testcase name="test_wordBased_de_formatTwoFields" classname="org.joda.time.format.TestPeriodFormat" time="0"/>
  <testcase name="test_wordBased_de_parseOneField" classname="org.joda.time.format.TestPeriodFormat" time="0"/>
  <testcase name="test_wordBased_de_parseTwoFields" classname="org.joda.time.format.TestPeriodFormat" time="0.001"/>
  <testcase name="test_wordBased_de_cached" classname="org.joda.time.format.TestPeriodFormat" time="0"/>
  <testcase name="test_wordBased_nl_formatStandard" classname="org.joda.time.format.TestPeriodFormat" time="0.001"/>
  <testcase name="test_wordBased_nl_FormatOneField" classname="org.joda.time.format.TestPeriodFormat" time="0"/>
  <testcase name="test_wordBased_nl_formatTwoFields" classname="org.joda.time.format.TestPeriodFormat" time="0"/>
  <testcase name="test_wordBased_nl_parseOneField" classname="org.joda.time.format.TestPeriodFormat" time="0"/>
  <testcase name="test_wordBased_nl_parseTwoFields" classname="org.joda.time.format.TestPeriodFormat" time="0.002"/>
  <testcase name="test_wordBased_nl_cached" classname="org.joda.time.format.TestPeriodFormat" time="0"/>
  <testcase name="test_wordBased_da_formatMultiple" classname="org.joda.time.format.TestPeriodFormat" time="0.001"/>
  <testcase name="test_wordBased_da_formatSinglular" classname="org.joda.time.format.TestPeriodFormat" time="0.001"/>
  <testcase name="test_wordBased_da_cached" classname="org.joda.time.format.TestPeriodFormat" time="0"/>
  <testcase name="test_wordBased_ja_formatMultiple" classname="org.joda.time.format.TestPeriodFormat" time="0.001"/>
  <testcase name="test_wordBased_ja_formatSingular" classname="org.joda.time.format.TestPeriodFormat" time="0"/>
  <testcase name="test_wordBased_ja_cached" classname="org.joda.time.format.TestPeriodFormat" time="0"/>
  <testcase name="test_wordBased_ja_parseOneField" classname="org.joda.time.format.TestPeriodFormat" time="0"/>
  <testcase name="test_wordBased_ja_parseTwoFields" classname="org.joda.time.format.TestPeriodFormat" time="0.001"/>
  <testcase name="test_wordBased_ja_checkRedundantSeparator" classname="org.joda.time.format.TestPeriodFormat" time="0"/>
  <testcase name="test_wordBased_pl_formatStandard" classname="org.joda.time.format.TestPeriodFormat" time="0.004"/>
  <testcase name="test_wordBased_pl_FormatOneField" classname="org.joda.time.format.TestPeriodFormat" time="0"/>
  <testcase name="test_wordBased_pl_formatTwoFields" classname="org.joda.time.format.TestPeriodFormat" time="0"/>
  <testcase name="test_wordBased_pl_parseOneField" classname="org.joda.time.format.TestPeriodFormat" time="0"/>
  <testcase name="test_wordBased_pl_parseTwoFields" classname="org.joda.time.format.TestPeriodFormat" time="0"/>
  <testcase name="test_wordBased_pl_checkRedundantSeparator" classname="org.joda.time.format.TestPeriodFormat" time="0"/>
  <testcase name="test_wordBased_pl_cached" classname="org.joda.time.format.TestPeriodFormat" time="0"/>
  <testcase name="test_wordBased_pl_regEx" classname="org.joda.time.format.TestPeriodFormat" time="0.015"/>
  <testcase name="test_wordBased_fr_from_de" classname="org.joda.time.format.TestPeriodFormat" time="0.001"/>
  <testcase name="test_wordBased_fr_from_nl" classname="org.joda.time.format.TestPeriodFormat" time="0.002"/>
  <testcase name="test_wordBased_en_from_de" classname="org.joda.time.format.TestPeriodFormat" time="0"/>
  <testcase name="test_wordBased_en_from_nl" classname="org.joda.time.format.TestPeriodFormat" time="0"/>
  <testcase name="test_wordBased_en_from_pl" classname="org.joda.time.format.TestPeriodFormat" time="0"/>
  <testcase name="test_wordBased_pl_from_fr" classname="org.joda.time.format.TestPeriodFormat" time="0"/>
  <testcase name="test_getDefault_localeValue" classname="org.joda.time.format.TestPeriodFormat" time="0"/>
  <testcase name="test_wordBased_localeValue" classname="org.joda.time.format.TestPeriodFormat" time="0"/>
  <testcase name="test_wordBasedWithLocale_localeValue" classname="org.joda.time.format.TestPeriodFormat" time="0.001"/>
  <testcase name="test_wordBased_en_withLocale_pt" classname="org.joda.time.format.TestPeriodFormat" time="0"/>
  <testcase name="testSubclassableConstructor" classname="org.joda.time.format.TestPeriodFormat" time="0"/>
  <testcase name="testFormatStandard" classname="org.joda.time.format.TestISOPeriodFormat" time="0.001"/>
  <testcase name="testFormatStandard_negative" classname="org.joda.time.format.TestISOPeriodFormat" time="0"/>
  <testcase name="testFormatAlternate" classname="org.joda.time.format.TestISOPeriodFormat" time="0.001"/>
  <testcase name="testFormatAlternateExtended" classname="org.joda.time.format.TestISOPeriodFormat" time="0.001"/>
  <testcase name="testFormatAlternateWithWeeks" classname="org.joda.time.format.TestISOPeriodFormat" time="0"/>
  <testcase name="testFormatAlternateExtendedWithWeeks" classname="org.joda.time.format.TestISOPeriodFormat" time="0"/>
  <testcase name="testSubclassableConstructor" classname="org.joda.time.format.TestISOPeriodFormat" time="0.002"/>
  <testcase name="testParseStandard1" classname="org.joda.time.format.TestISOPeriodFormatParsing" time="0.001"/>
  <testcase name="testParseStandard2" classname="org.joda.time.format.TestISOPeriodFormatParsing" time="0"/>
  <testcase name="testParseStandard3" classname="org.joda.time.format.TestISOPeriodFormatParsing" time="0"/>
  <testcase name="testParseStandard4" classname="org.joda.time.format.TestISOPeriodFormatParsing" time="0"/>
  <testcase name="testParseStandard5" classname="org.joda.time.format.TestISOPeriodFormatParsing" time="0"/>
  <testcase name="testParseStandard6" classname="org.joda.time.format.TestISOPeriodFormatParsing" time="0"/>
  <testcase name="testParseStandard7" classname="org.joda.time.format.TestISOPeriodFormatParsing" time="0"/>
  <testcase name="testParseStandard8" classname="org.joda.time.format.TestISOPeriodFormatParsing" time="0"/>
  <testcase name="testParseStandard9" classname="org.joda.time.format.TestISOPeriodFormatParsing" time="0"/>
  <testcase name="testParseStandard10" classname="org.joda.time.format.TestISOPeriodFormatParsing" time="0"/>
  <testcase name="testParseStandard11" classname="org.joda.time.format.TestISOPeriodFormatParsing" time="0"/>
  <testcase name="testParseStandardFail1" classname="org.joda.time.format.TestISOPeriodFormatParsing" time="0.001"/>
  <testcase name="testParseStandardFail2" classname="org.joda.time.format.TestISOPeriodFormatParsing" time="0"/>
  <testcase name="testParseStandardFail3" classname="org.joda.time.format.TestISOPeriodFormatParsing" time="0"/>
  <testcase name="testParseStandardFail4" classname="org.joda.time.format.TestISOPeriodFormatParsing" time="0"/>
  <testcase name="testParseNegativeMillis1" classname="org.joda.time.format.TestPeriodFormatParsing" time="0"/>
  <testcase name="testParseNegativeMillis2" classname="org.joda.time.format.TestPeriodFormatParsing" time="0.001"/>
  <testcase name="testParseStandard1" classname="org.joda.time.format.TestPeriodFormatParsing" time="0"/>
  <testcase name="testParseCustom1" classname="org.joda.time.format.TestPeriodFormatParsing" time="0.001"/>
  <testcase name="testToFormatterPrinterParser" classname="org.joda.time.format.TestPeriodFormatterBuilder" time="0.001"/>
  <testcase name="testFormatMonths" classname="org.joda.time.format.TestPeriodFormatterBuilder" time="0"/>
  <testcase name="testFormatWeeks" classname="org.joda.time.format.TestPeriodFormatterBuilder" time="0"/>
  <testcase name="testFormatDays" classname="org.joda.time.format.TestPeriodFormatterBuilder" time="0.001"/>
  <testcase name="testFormatHours" classname="org.joda.time.format.TestPeriodFormatterBuilder" time="0"/>
  <testcase name="testFormatMinutes" classname="org.joda.time.format.TestPeriodFormatterBuilder" time="0"/>
  <testcase name="testFormatSeconds" classname="org.joda.time.format.TestPeriodFormatterBuilder" time="0"/>
  <testcase name="testFormatSecondsWithMillis" classname="org.joda.time.format.TestPeriodFormatterBuilder" time="0"/>
  <testcase name="testFormatSecondsWithOptionalMillis" classname="org.joda.time.format.TestPeriodFormatterBuilder" time="0"/>
  <testcase name="testFormatMillis" classname="org.joda.time.format.TestPeriodFormatterBuilder" time="0"/>
  <testcase name="testFormatMillis3Digit" classname="org.joda.time.format.TestPeriodFormatterBuilder" time="0"/>
  <testcase name="testFormatPrefixSimple1" classname="org.joda.time.format.TestPeriodFormatterBuilder" time="0"/>
  <testcase name="testFormatPrefixSimple2" classname="org.joda.time.format.TestPeriodFormatterBuilder" time="0"/>
  <testcase name="testFormatPrefixSimple3" classname="org.joda.time.format.TestPeriodFormatterBuilder" time="0"/>
  <testcase name="testFormatPrefixSimple4IgnoringPrefix" classname="org.joda.time.format.TestPeriodFormatterBuilder" time="0.001"/>
  <testcase name="testPluralAffixParseOrder" classname="org.joda.time.format.TestPeriodFormatterBuilder" time="0"/>
  <testcase name="testFormatPrefixPlural1" classname="org.joda.time.format.TestPeriodFormatterBuilder" time="0"/>
  <testcase name="testFormatPrefixPlural2" classname="org.joda.time.format.TestPeriodFormatterBuilder" time="0"/>
  <testcase name="testFormatPrefixPlural3" classname="org.joda.time.format.TestPeriodFormatterBuilder" time="0"/>
  <testcase name="testFormatPrefixPlural4IgnoringPrefix" classname="org.joda.time.format.TestPeriodFormatterBuilder" time="0.001"/>
  <testcase name="testRegExAffixParseOrder" classname="org.joda.time.format.TestPeriodFormatterBuilder" time="0"/>
  <testcase name="testFormatPrefixRegEx1" classname="org.joda.time.format.TestPeriodFormatterBuilder" time="0"/>
  <testcase name="testFormatPrefixRegEx2" classname="org.joda.time.format.TestPeriodFormatterBuilder" time="0.001"/>
  <testcase name="testFormatPrefixRegEx3" classname="org.joda.time.format.TestPeriodFormatterBuilder" time="0"/>
  <testcase name="testFormatPrefixRegEx4IgnoringPrefix" classname="org.joda.time.format.TestPeriodFormatterBuilder" time="0.001"/>
  <testcase name="testFormatPrefixComposite1" classname="org.joda.time.format.TestPeriodFormatterBuilder" time="0.001"/>
  <testcase name="testFormatSuffixSimple1" classname="org.joda.time.format.TestPeriodFormatterBuilder" time="0"/>
  <testcase name="testFormatSuffixSimple2" classname="org.joda.time.format.TestPeriodFormatterBuilder" time="0"/>
  <testcase name="testFormatSuffixSimple3" classname="org.joda.time.format.TestPeriodFormatterBuilder" time="0"/>
  <testcase name="testFormatSuffixSimple4" classname="org.joda.time.format.TestPeriodFormatterBuilder" time="0"/>
  <testcase name="testFormatPrefixSimple5IgnoringPrefix" classname="org.joda.time.format.TestPeriodFormatterBuilder" time="0"/>
  <testcase name="testFormatPrefixSimple6IgnoringPrefix" classname="org.joda.time.format.TestPeriodFormatterBuilder" time="0.001"/>
  <testcase name="testFormatSuffixPlural1" classname="org.joda.time.format.TestPeriodFormatterBuilder" time="0"/>
  <testcase name="testFormatSuffixPlural2" classname="org.joda.time.format.TestPeriodFormatterBuilder" time="0"/>
  <testcase name="testFormatSuffixPlural3" classname="org.joda.time.format.TestPeriodFormatterBuilder" time="0"/>
  <testcase name="testFormatSuffixPlural4" classname="org.joda.time.format.TestPeriodFormatterBuilder" time="0"/>
  <testcase name="testFormatSuffixPlural4IgnoringPrefix" classname="org.joda.time.format.TestPeriodFormatterBuilder" time="0.001"/>
  <testcase name="testFormatSuffixRegEx1" classname="org.joda.time.format.TestPeriodFormatterBuilder" time="0"/>
  <testcase name="testFormatSuffixRegEx2" classname="org.joda.time.format.TestPeriodFormatterBuilder" time="0.002"/>
  <testcase name="testFormatSuffixRegEx3" classname="org.joda.time.format.TestPeriodFormatterBuilder" time="0"/>
  <testcase name="testFormatSuffixRegEx4" classname="org.joda.time.format.TestPeriodFormatterBuilder" time="0"/>
  <testcase name="testFormatSuffixRegEx5IgnoringAffix" classname="org.joda.time.format.TestPeriodFormatterBuilder" time="0"/>
  <testcase name="testFormatSuffixComposite1" classname="org.joda.time.format.TestPeriodFormatterBuilder" time="0.001"/>
  <testcase name="testFormatSuffixComposite5IgnoringAffix" classname="org.joda.time.format.TestPeriodFormatterBuilder" time="0"/>
  <testcase name="testFormatPrefixSuffix" classname="org.joda.time.format.TestPeriodFormatterBuilder" time="0"/>
  <testcase name="testFormatSeparatorSimple" classname="org.joda.time.format.TestPeriodFormatterBuilder" time="0"/>
  <testcase name="testFormatSeparatorComplex" classname="org.joda.time.format.TestPeriodFormatterBuilder" time="0"/>
  <testcase name="testFormatSeparatorIfFieldsAfter" classname="org.joda.time.format.TestPeriodFormatterBuilder" time="0"/>
  <testcase name="testFormatSeparatorIfFieldsBefore" classname="org.joda.time.format.TestPeriodFormatterBuilder" time="0.001"/>
  <testcase name="testFormatLiteral" classname="org.joda.time.format.TestPeriodFormatterBuilder" time="0"/>
  <testcase name="testFormatAppendFormatter" classname="org.joda.time.format.TestPeriodFormatterBuilder" time="0"/>
  <testcase name="testFormatMinDigits" classname="org.joda.time.format.TestPeriodFormatterBuilder" time="0"/>
  <testcase name="testFormatYears" classname="org.joda.time.format.TestPeriodFormatterBuilder" time="0"/>
  <testcase name="testFormatPrintZeroDefault" classname="org.joda.time.format.TestPeriodFormatterBuilder" time="0"/>
  <testcase name="testFormatPrintZeroRarelyLast" classname="org.joda.time.format.TestPeriodFormatterBuilder" time="0.001"/>
  <testcase name="testFormatPrintZeroRarelyFirst" classname="org.joda.time.format.TestPeriodFormatterBuilder" time="0"/>
  <testcase name="testFormatPrintZeroRarelyFirstYears" classname="org.joda.time.format.TestPeriodFormatterBuilder" time="0"/>
  <testcase name="testFormatPrintZeroRarelyFirstMonths" classname="org.joda.time.format.TestPeriodFormatterBuilder" time="0"/>
  <testcase name="testFormatPrintZeroRarelyFirstWeeks" classname="org.joda.time.format.TestPeriodFormatterBuilder" time="0"/>
  <testcase name="testFormatPrintZeroRarelyFirstDays" classname="org.joda.time.format.TestPeriodFormatterBuilder" time="0"/>
  <testcase name="testFormatPrintZeroRarelyFirstHours" classname="org.joda.time.format.TestPeriodFormatterBuilder" time="0"/>
  <testcase name="testFormatPrintZeroRarelyFirstMinutes" classname="org.joda.time.format.TestPeriodFormatterBuilder" time="0"/>
  <testcase name="testFormatPrintZeroRarelyFirstSeconds" classname="org.joda.time.format.TestPeriodFormatterBuilder" time="0"/>
  <testcase name="testFormatPrintZeroIfSupported" classname="org.joda.time.format.TestPeriodFormatterBuilder" time="0.001"/>
  <testcase name="testFormatPrintZeroAlways" classname="org.joda.time.format.TestPeriodFormatterBuilder" time="0"/>
  <testcase name="testFormatPrintZeroNever" classname="org.joda.time.format.TestPeriodFormatterBuilder" time="0"/>
  <testcase name="testFormatAppend_PrinterParser_null_null" classname="org.joda.time.format.TestPeriodFormatterBuilder" time="0"/>
  <testcase name="testFormatAppend_PrinterParser_Printer_null" classname="org.joda.time.format.TestPeriodFormatterBuilder" time="0"/>
  <testcase name="testFormatAppend_PrinterParser_null_Parser" classname="org.joda.time.format.TestPeriodFormatterBuilder" time="0"/>
  <testcase name="testFormatAppend_PrinterParser_PrinterParser" classname="org.joda.time.format.TestPeriodFormatterBuilder" time="0.002"/>
  <testcase name="testFormatAppend_PrinterParser_Printer_null_null_Parser" classname="org.joda.time.format.TestPeriodFormatterBuilder" time="0"/>
  <testcase name="testFormatAppend_PrinterParserThenClear" classname="org.joda.time.format.TestPeriodFormatterBuilder" time="0"/>
  <testcase name="testBug2495455" classname="org.joda.time.format.TestPeriodFormatterBuilder" time="0.001"/>
  <testcase name="testMonthsAndMinutesAreConsideredSeparateAndCaseIsNotIgnored" classname="org.joda.time.format.TestPeriodFormatterBuilder" time="0"/>
  <testcase name="testAppendSeparatorIfFieldsBeforeThrowsIllegalStateExceptionAndAppendPrefixTakingString" classname="org.joda.time.format.TestPeriodFormatterBuilder" time="0.001"/>
  <testcase name="testAppendSeparatorIfFieldsBeforeThrowsIllegalStateExceptionAndAppendSeparatorIfFieldsAfter" classname="org.joda.time.format.TestPeriodFormatterBuilder" time="0"/>
  <testcase name="testAppendSeparatorTaking3ArgumentsWithEmptyStringAndNull" classname="org.joda.time.format.TestPeriodFormatterBuilder" time="0"/>
  <testcase name="testAppendSeparatorTaking3ArgumentsWithNullAndNonEmptyArray" classname="org.joda.time.format.TestPeriodFormatterBuilder" time="0"/>
  <testcase name="testAppendSuffixTaking2StringArraysThrowsIllegalStateException" classname="org.joda.time.format.TestPeriodFormatterBuilder" time="0"/>
  <testcase name="testAppendLiteralThrowsIllegalArgumentException" classname="org.joda.time.format.TestPeriodFormatterBuilder" time="0"/>
  <testcase name="testAppendTakingPeriodFormatterThrowsIllegalArgumentException" classname="org.joda.time.format.TestPeriodFormatterBuilder" time="0.001"/>
  <testcase name="testMonthNames_monthStart" classname="org.joda.time.format.TestTextFields" time="0.002"/>
  <testcase name="testMonthNames_monthMiddle" classname="org.joda.time.format.TestTextFields" time="0.001"/>
  <testcase name="testMonthNames_monthEnd" classname="org.joda.time.format.TestTextFields" time="0"/>
  <testcase name="testWeekdayNames" classname="org.joda.time.format.TestTextFields" time="0.005"/>
  <testcase name="testHalfdayNames" classname="org.joda.time.format.TestTextFields" time="0"/>
  <testcase name="testClass" classname="org.joda.time.tz.TestUTCProvider" time="0"/>
  <testcase name="testGetAvailableIDs" classname="org.joda.time.tz.TestUTCProvider" time="0.001"/>
  <testcase name="testGetZone_String" classname="org.joda.time.tz.TestUTCProvider" time="0"/>
  <testcase name="testSerialization" classname="org.joda.time.tz.TestBuilder" time="0.027"/>
  <testcase name="testFixed" classname="org.joda.time.tz.TestBuilder" time="0"/>
  <testcase name="testID" classname="org.joda.time.tz.TestBuilder" time="0.008"/>
  <testcase name="testForwardTransitions" classname="org.joda.time.tz.TestBuilder" time="0.011"/>
  <testcase name="testReverseTransitions" classname="org.joda.time.tz.TestBuilder" time="0.006"/>
  <testcase name="testCompile" classname="org.joda.time.tz.TestCompiler" time="0.032"/>
  <testcase name="testDateTimeZoneBuilder" classname="org.joda.time.tz.TestCompiler" time="0.005"/>
  <testcase name="testCompileOnBrokenTimeZoneFile" classname="org.joda.time.tz.TestCompiler" time="0.002"/>
  <testcase name="testCompileOnBrokenTimeZoneFile_2" classname="org.joda.time.tz.TestCompiler" time="0.001"/>
  <testcase name="test_2400_fromDay" classname="org.joda.time.tz.TestCompiler" time="0"/>
  <testcase name="test_2400_last" classname="org.joda.time.tz.TestCompiler" time="0"/>
  <testcase name="test_2400_specific_day" classname="org.joda.time.tz.TestCompiler" time="0"/>
  <testcase name="test_Amman_2003" classname="org.joda.time.tz.TestCompiler" time="0.001"/>
  <testcase name="test_Amman_2004" classname="org.joda.time.tz.TestCompiler" time="0"/>
  <testcase name="test_Amman_2005" classname="org.joda.time.tz.TestCompiler" time="0"/>
  <testcase name="test_Amman_2006" classname="org.joda.time.tz.TestCompiler" time="0"/>
  <testcase name="testSerialization" classname="org.joda.time.tz.TestCachedDateTimeZone" time="0"/>
  <testcase name="test_caching" classname="org.joda.time.tz.TestCachedDateTimeZone" time="0"/>
  <testcase name="testEquals" classname="org.joda.time.tz.TestFixedDateTimeZone" time="0"/>
  <testcase name="testHashCode" classname="org.joda.time.tz.TestFixedDateTimeZone" time="0.001"/>
  <testcase name="testToTimeZone1" classname="org.joda.time.tz.TestFixedDateTimeZone" time="0"/>
  <testcase name="testToTimeZone2" classname="org.joda.time.tz.TestFixedDateTimeZone" time="0"/>
</testsuite>